# JRE version: Java(TM) SE Runtime Environment (8.0_181-b13) (build 1.8.0_181-b13)
# Java VM: Java HotSpot(TM) 64-Bit Server VM (25.181-b13 mixed mode windows-amd64 compressed oops)
Heap:
 PSYoungGen      total 279552K, used 151828K [0x000000076bb80000, 0x000000077e780000, 0x00000007c0000000)
  eden space 258048K, 50% used [0x000000076bb80000,0x0000000773ac5cb8,0x000000077b780000)
  from space 21504K, 99% used [0x000000077ce80000,0x000000077e37f498,0x000000077e380000)
  to   space 23552K, 0% used [0x000000077b780000,0x000000077b780000,0x000000077ce80000)
 ParOldGen       total 145920K, used 78042K [0x00000006c3200000, 0x00000006cc080000, 0x000000076bb80000)
  object space 145920K, 53% used [0x00000006c3200000,0x00000006c7e36b58,0x00000006cc080000)
 Metaspace       used 32902K, capacity 33796K, committed 34816K, reserved 1079296K
  class space    used 3620K, capacity 3902K, committed 4096K, reserved 1048576K
GC Heap History (10 events):
Event: 14.961 GC heap before
{Heap before GC invocations=23 (full 4):
 PSYoungGen      total 281600K, used 258048K [0x000000076bb80000, 0x000000077e780000, 0x00000007c0000000)
  eden space 258048K, 100% used [0x000000076bb80000,0x000000077b780000,0x000000077b780000)
  from space 23552K, 0% used [0x000000077b780000,0x000000077b780000,0x000000077ce80000)
  to   space 21504K, 0% used [0x000000077ce80000,0x000000077ce80000,0x000000077e380000)
 ParOldGen       total 145920K, used 132419K [0x00000006c3200000, 0x00000006cc080000, 0x000000076bb80000)
  object space 145920K, 90% used [0x00000006c3200000,0x00000006cb350f30,0x00000006cc080000)
 Metaspace       used 31249K, capacity 32254K, committed 32512K, reserved 1077248K
  class space    used 3532K, capacity 3812K, committed 3840K, reserved 1048576K
Event: 15.158 GC heap after
Heap after GC invocations=23 (full 4):
 PSYoungGen      total 281600K, used 0K [0x000000076bb80000, 0x000000077e780000, 0x00000007c0000000)
  eden space 258048K, 0% used [0x000000076bb80000,0x000000076bb80000,0x000000077b780000)
  from space 23552K, 0% used [0x000000077b780000,0x000000077b780000,0x000000077ce80000)
  to   space 21504K, 0% used [0x000000077ce80000,0x000000077ce80000,0x000000077e380000)
 ParOldGen       total 145920K, used 139734K [0x00000006c3200000, 0x00000006cc080000, 0x000000076bb80000)
  object space 145920K, 95% used [0x00000006c3200000,0x00000006cba75ae0,0x00000006cc080000)
 Metaspace       used 31249K, capacity 32254K, committed 32512K, reserved 1077248K
  class space    used 3532K, capacity 3812K, committed 3840K, reserved 1048576K
}
Event: 16.802 GC heap before
{Heap before GC invocations=24 (full 5):
 PSYoungGen      total 281600K, used 258048K [0x000000076bb80000, 0x000000077e780000, 0x00000007c0000000)
  eden space 258048K, 100% used [0x000000076bb80000,0x000000077b780000,0x000000077b780000)
  from space 23552K, 0% used [0x000000077b780000,0x000000077b780000,0x000000077ce80000)
  to   space 21504K, 0% used [0x000000077ce80000,0x000000077ce80000,0x000000077e380000)
 ParOldGen       total 145920K, used 139734K [0x00000006c3200000, 0x00000006cc080000, 0x000000076bb80000)
  object space 145920K, 95% used [0x00000006c3200000,0x00000006cba75ae0,0x00000006cc080000)
 Metaspace       used 32774K, capacity 33790K, committed 33920K, reserved 1079296K
  class space    used 3662K, capacity 3940K, committed 3968K, reserved 1048576K
Event: 17.454 GC heap after
Heap after GC invocations=24 (full 5):
 PSYoungGen      total 281600K, used 5134K [0x000000076bb80000, 0x000000077e780000, 0x00000007c0000000)
  eden space 258048K, 1% used [0x000000076bb80000,0x000000076c0839f0,0x000000077b780000)
  from space 23552K, 0% used [0x000000077b780000,0x000000077b780000,0x000000077ce80000)
  to   space 21504K, 0% used [0x000000077ce80000,0x000000077ce80000,0x000000077e380000)
 ParOldGen       total 145920K, used 145798K [0x00000006c3200000, 0x00000006cc080000, 0x000000076bb80000)
  object space 145920K, 99% used [0x00000006c3200000,0x00000006cc061b38,0x00000006cc080000)
 Metaspace       used 32774K, capacity 33790K, committed 33920K, reserved 1079296K
  class space    used 3662K, capacity 3940K, committed 3968K, reserved 1048576K
}
Event: 18.843 GC heap before
{Heap before GC invocations=25 (full 6):
 PSYoungGen      total 281600K, used 258048K [0x000000076bb80000, 0x000000077e780000, 0x00000007c0000000)
  eden space 258048K, 100% used [0x000000076bb80000,0x000000077b780000,0x000000077b780000)
  from space 23552K, 0% used [0x000000077b780000,0x000000077b780000,0x000000077ce80000)
  to   space 21504K, 0% used [0x000000077ce80000,0x000000077ce80000,0x000000077e380000)
 ParOldGen       total 145920K, used 145798K [0x00000006c3200000, 0x00000006cc080000, 0x000000076bb80000)
  object space 145920K, 99% used [0x00000006c3200000,0x00000006cc061b38,0x00000006cc080000)
 Metaspace       used 33134K, capacity 34174K, committed 34432K, reserved 1079296K
  class space    used 3668K, capacity 3940K, committed 3968K, reserved 1048576K
Event: 19.350 GC heap after
Heap after GC invocations=25 (full 6):
 PSYoungGen      total 281600K, used 2199K [0x000000076bb80000, 0x000000077e780000, 0x00000007c0000000)
  eden space 258048K, 0% used [0x000000076bb80000,0x000000076bda5c70,0x000000077b780000)
  from space 23552K, 0% used [0x000000077b780000,0x000000077b780000,0x000000077ce80000)
  to   space 21504K, 0% used [0x000000077ce80000,0x000000077ce80000,0x000000077e380000)
 ParOldGen       total 145920K, used 145919K [0x00000006c3200000, 0x00000006cc080000, 0x000000076bb80000)
  object space 145920K, 99% used [0x00000006c3200000,0x00000006cc07fd50,0x00000006cc080000)
 Metaspace       used 33134K, capacity 34174K, committed 34432K, reserved 1079296K
  class space    used 3668K, capacity 3940K, committed 3968K, reserved 1048576K
}
Event: 21.149 GC heap before
{Heap before GC invocations=26 (full 7):
 PSYoungGen      total 281600K, used 258048K [0x000000076bb80000, 0x000000077e780000, 0x00000007c0000000)
  eden space 258048K, 100% used [0x000000076bb80000,0x000000077b780000,0x000000077b780000)
  from space 23552K, 0% used [0x000000077b780000,0x000000077b780000,0x000000077ce80000)
  to   space 21504K, 0% used [0x000000077ce80000,0x000000077ce80000,0x000000077e380000)
 ParOldGen       total 145920K, used 145919K [0x00000006c3200000, 0x00000006cc080000, 0x000000076bb80000)
  object space 145920K, 99% used [0x00000006c3200000,0x00000006cc07fd50,0x00000006cc080000)
 Metaspace       used 33560K, capacity 34462K, committed 34816K, reserved 1079296K
  class space    used 3677K, capacity 3972K, committed 4096K, reserved 1048576K
Event: 21.319 GC heap after
Heap after GC invocations=26 (full 7):
 PSYoungGen      total 281600K, used 0K [0x000000076bb80000, 0x000000077e780000, 0x00000007c0000000)
  eden space 258048K, 0% used [0x000000076bb80000,0x000000076bb80000,0x000000077b780000)
  from space 23552K, 0% used [0x000000077b780000,0x000000077b780000,0x000000077ce80000)
  to   space 21504K, 0% used [0x000000077ce80000,0x000000077ce80000,0x000000077e380000)
 ParOldGen       total 145920K, used 66970K [0x00000006c3200000, 0x00000006cc080000, 0x000000076bb80000)
  object space 145920K, 45% used [0x00000006c3200000,0x00000006c7366850,0x00000006cc080000)
 Metaspace       used 31721K, capacity 32536K, committed 34816K, reserved 1079296K
  class space    used 3480K, capacity 3762K, committed 4096K, reserved 1048576K
}
Event: 23.266 GC heap before
{Heap before GC invocations=27 (full 7):
 PSYoungGen      total 281600K, used 258048K [0x000000076bb80000, 0x000000077e780000, 0x00000007c0000000)
  eden space 258048K, 100% used [0x000000076bb80000,0x000000077b780000,0x000000077b780000)
  from space 23552K, 0% used [0x000000077b780000,0x000000077b780000,0x000000077ce80000)
  to   space 21504K, 0% used [0x000000077ce80000,0x000000077ce80000,0x000000077e380000)
 ParOldGen       total 145920K, used 66970K [0x00000006c3200000, 0x00000006cc080000, 0x000000076bb80000)
  object space 145920K, 45% used [0x00000006c3200000,0x00000006c7366850,0x00000006cc080000)
 Metaspace       used 32834K, capacity 33732K, committed 34816K, reserved 1079296K
  class space    used 3617K, capacity 3902K, committed 4096K, reserved 1048576K
Event: 23.282 GC heap after
Heap after GC invocations=27 (full 7):
 PSYoungGen      total 279552K, used 21501K [0x000000076bb80000, 0x000000077e780000, 0x00000007c0000000)
  eden space 258048K, 0% used [0x000000076bb80000,0x000000076bb80000,0x000000077b780000)
  from space 21504K, 99% used [0x000000077ce80000,0x000000077e37f498,0x000000077e380000)
  to   space 23552K, 0% used [0x000000077b780000,0x000000077b780000,0x000000077ce80000)
 ParOldGen       total 145920K, used 78042K [0x00000006c3200000, 0x00000006cc080000, 0x000000076bb80000)
  object space 145920K, 53% used [0x00000006c3200000,0x00000006c7e36b58,0x00000006cc080000)
 Metaspace       used 32834K, capacity 33732K, committed 34816K, reserved 1079296K
  class space    used 3617K, capacity 3902K, committed 4096K, reserved 1048576K
}

