# JRE version: Java(TM) SE Runtime Environment (8.0_181-b13) (build 1.8.0_181-b13)
# Java VM: Java HotSpot(TM) 64-Bit Server VM (25.181-b13 mixed mode windows-amd64 compressed oops)
Heap:
 PSYoungGen      total 977408K, used 890817K [0x000000076bb80000, 0x00000007ab200000, 0x00000007c0000000)
  eden space 920064K, 94% used [0x000000076bb80000,0x00000007a0e04150,0x00000007a3e00000)
  from space 57344K, 34% used [0x00000007a7a00000,0x00000007a8d6c2c0,0x00000007ab200000)
  to   space 59392K, 0% used [0x00000007a3e00000,0x00000007a3e00000,0x00000007a7800000)
 ParOldGen       total 330240K, used 113657K [0x00000006c3200000, 0x00000006d7480000, 0x000000076bb80000)
  object space 330240K, 34% used [0x00000006c3200000,0x00000006ca0fe428,0x00000006d7480000)
 Metaspace       used 36075K, capacity 37086K, committed 38912K, reserved 1083392K
  class space    used 4127K, capacity 4371K, committed 4608K, reserved 1048576K
GC Heap History (10 events):
Event: 52.159 GC heap before
{Heap before GC invocations=23 (full 2):
 PSYoungGen      total 690176K, used 668666K [0x000000076bb80000, 0x0000000799380000, 0x00000007c0000000)
  eden space 646144K, 100% used [0x000000076bb80000,0x0000000793280000,0x0000000793280000)
  from space 44032K, 51% used [0x0000000796880000,0x0000000797e7ea18,0x0000000799380000)
  to   space 49664K, 0% used [0x0000000793280000,0x0000000793280000,0x0000000796300000)
 ParOldGen       total 274944K, used 155874K [0x00000006c3200000, 0x00000006d3e80000, 0x000000076bb80000)
  object space 274944K, 56% used [0x00000006c3200000,0x00000006cca38bf0,0x00000006d3e80000)
 Metaspace       used 35743K, capacity 36716K, committed 36992K, reserved 1081344K
  class space    used 4125K, capacity 4400K, committed 4480K, reserved 1048576K
Event: 52.209 GC heap after
Heap after GC invocations=23 (full 2):
 PSYoungGen      total 695808K, used 18103K [0x000000076bb80000, 0x00000007a1380000, 0x00000007c0000000)
  eden space 646144K, 0% used [0x000000076bb80000,0x000000076bb80000,0x0000000793280000)
  from space 49664K, 36% used [0x0000000793280000,0x000000079442de98,0x0000000796300000)
  to   space 47616K, 0% used [0x000000079e500000,0x000000079e500000,0x00000007a1380000)
 ParOldGen       total 274944K, used 176874K [0x00000006c3200000, 0x00000006d3e80000, 0x000000076bb80000)
  object space 274944K, 64% used [0x00000006c3200000,0x00000006cdeba830,0x00000006d3e80000)
 Metaspace       used 35743K, capacity 36716K, committed 36992K, reserved 1081344K
  class space    used 4125K, capacity 4400K, committed 4480K, reserved 1048576K
}
Event: 62.030 GC heap before
{Heap before GC invocations=24 (full 2):
 PSYoungGen      total 695808K, used 664247K [0x000000076bb80000, 0x00000007a1380000, 0x00000007c0000000)
  eden space 646144K, 100% used [0x000000076bb80000,0x0000000793280000,0x0000000793280000)
  from space 49664K, 36% used [0x0000000793280000,0x000000079442de98,0x0000000796300000)
  to   space 47616K, 0% used [0x000000079e500000,0x000000079e500000,0x00000007a1380000)
 ParOldGen       total 274944K, used 176874K [0x00000006c3200000, 0x00000006d3e80000, 0x000000076bb80000)
  object space 274944K, 64% used [0x00000006c3200000,0x00000006cdeba830,0x00000006d3e80000)
 Metaspace       used 37274K, capacity 38404K, committed 38656K, reserved 1083392K
  class space    used 4280K, capacity 4574K, committed 4608K, reserved 1048576K
Event: 62.149 GC heap after
Heap after GC invocations=24 (full 2):
 PSYoungGen      total 811520K, used 47601K [0x000000076bb80000, 0x00000007a2e00000, 0x00000007c0000000)
  eden space 763904K, 0% used [0x000000076bb80000,0x000000076bb80000,0x000000079a580000)
  from space 47616K, 99% used [0x000000079e500000,0x00000007a137c6e0,0x00000007a1380000)
  to   space 65024K, 0% used [0x000000079a580000,0x000000079a580000,0x000000079e500000)
 ParOldGen       total 274944K, used 204481K [0x00000006c3200000, 0x00000006d3e80000, 0x000000076bb80000)
  object space 274944K, 74% used [0x00000006c3200000,0x00000006cf9b0440,0x00000006d3e80000)
 Metaspace       used 37274K, capacity 38404K, committed 38656K, reserved 1083392K
  class space    used 4280K, capacity 4574K, committed 4608K, reserved 1048576K
}
Event: 66.035 GC heap before
{Heap before GC invocations=25 (full 2):
 PSYoungGen      total 811520K, used 811505K [0x000000076bb80000, 0x00000007a2e00000, 0x00000007c0000000)
  eden space 763904K, 100% used [0x000000076bb80000,0x000000079a580000,0x000000079a580000)
  from space 47616K, 99% used [0x000000079e500000,0x00000007a137c6e0,0x00000007a1380000)
  to   space 65024K, 0% used [0x000000079a580000,0x000000079a580000,0x000000079e500000)
 ParOldGen       total 274944K, used 204481K [0x00000006c3200000, 0x00000006d3e80000, 0x000000076bb80000)
  object space 274944K, 74% used [0x00000006c3200000,0x00000006cf9b0440,0x00000006d3e80000)
 Metaspace       used 37550K, capacity 38684K, committed 38912K, reserved 1083392K
  class space    used 4303K, capacity 4578K, committed 4608K, reserved 1048576K
Event: 66.134 GC heap after
Heap after GC invocations=25 (full 2):
 PSYoungGen      total 828928K, used 26817K [0x000000076bb80000, 0x00000007ab600000, 0x00000007c0000000)
  eden space 763904K, 0% used [0x000000076bb80000,0x000000076bb80000,0x000000079a580000)
  from space 65024K, 41% used [0x000000079a580000,0x000000079bfb0640,0x000000079e500000)
  to   space 61440K, 0% used [0x00000007a7a00000,0x00000007a7a00000,0x00000007ab600000)
 ParOldGen       total 274944K, used 237134K [0x00000006c3200000, 0x00000006d3e80000, 0x000000076bb80000)
  object space 274944K, 86% used [0x00000006c3200000,0x00000006d1993b38,0x00000006d3e80000)
 Metaspace       used 37550K, capacity 38684K, committed 38912K, reserved 1083392K
  class space    used 4303K, capacity 4578K, committed 4608K, reserved 1048576K
}
Event: 66.134 GC heap before
{Heap before GC invocations=26 (full 3):
 PSYoungGen      total 828928K, used 26817K [0x000000076bb80000, 0x00000007ab600000, 0x00000007c0000000)
  eden space 763904K, 0% used [0x000000076bb80000,0x000000076bb80000,0x000000079a580000)
  from space 65024K, 41% used [0x000000079a580000,0x000000079bfb0640,0x000000079e500000)
  to   space 61440K, 0% used [0x00000007a7a00000,0x00000007a7a00000,0x00000007ab600000)
 ParOldGen       total 274944K, used 237134K [0x00000006c3200000, 0x00000006d3e80000, 0x000000076bb80000)
  object space 274944K, 86% used [0x00000006c3200000,0x00000006d1993b38,0x00000006d3e80000)
 Metaspace       used 37550K, capacity 38684K, committed 38912K, reserved 1083392K
  class space    used 4303K, capacity 4578K, committed 4608K, reserved 1048576K
Event: 66.651 GC heap after
Heap after GC invocations=26 (full 3):
 PSYoungGen      total 828928K, used 0K [0x000000076bb80000, 0x00000007ab600000, 0x00000007c0000000)
  eden space 763904K, 0% used [0x000000076bb80000,0x000000076bb80000,0x000000079a580000)
  from space 65024K, 0% used [0x000000079a580000,0x000000079a580000,0x000000079e500000)
  to   space 61440K, 0% used [0x00000007a7a00000,0x00000007a7a00000,0x00000007ab600000)
 ParOldGen       total 330240K, used 113649K [0x00000006c3200000, 0x00000006d7480000, 0x000000076bb80000)
  object space 330240K, 34% used [0x00000006c3200000,0x00000006ca0fc428,0x00000006d7480000)
 Metaspace       used 35982K, capacity 37008K, committed 38912K, reserved 1083392K
  class space    used 4122K, capacity 4367K, committed 4608K, reserved 1048576K
}
Event: 68.748 GC heap before
{Heap before GC invocations=27 (full 3):
 PSYoungGen      total 828928K, used 763904K [0x000000076bb80000, 0x00000007ab600000, 0x00000007c0000000)
  eden space 763904K, 100% used [0x000000076bb80000,0x000000079a580000,0x000000079a580000)
  from space 65024K, 0% used [0x000000079a580000,0x000000079a580000,0x000000079e500000)
  to   space 61440K, 0% used [0x00000007a7a00000,0x00000007a7a00000,0x00000007ab600000)
 ParOldGen       total 330240K, used 113649K [0x00000006c3200000, 0x00000006d7480000, 0x000000076bb80000)
  object space 330240K, 34% used [0x00000006c3200000,0x00000006ca0fc428,0x00000006d7480000)
 Metaspace       used 36025K, capacity 37014K, committed 38912K, reserved 1083392K
  class space    used 4124K, capacity 4368K, committed 4608K, reserved 1048576K
Event: 68.784 GC heap after
Heap after GC invocations=27 (full 3):
 PSYoungGen      total 977408K, used 19888K [0x000000076bb80000, 0x00000007ab200000, 0x00000007c0000000)
  eden space 920064K, 0% used [0x000000076bb80000,0x000000076bb80000,0x00000007a3e00000)
  from space 57344K, 34% used [0x00000007a7a00000,0x00000007a8d6c2c0,0x00000007ab200000)
  to   space 59392K, 0% used [0x00000007a3e00000,0x00000007a3e00000,0x00000007a7800000)
 ParOldGen       total 330240K, used 113657K [0x00000006c3200000, 0x00000006d7480000, 0x000000076bb80000)
  object space 330240K, 34% used [0x00000006c3200000,0x00000006ca0fe428,0x00000006d7480000)
 Metaspace       used 36025K, capacity 37014K, committed 38912K, reserved 1083392K
  class space    used 4124K, capacity 4368K, committed 4608K, reserved 1048576K
}

