# JRE version: Java(TM) SE Runtime Environment (8.0_181-b13) (build 1.8.0_181-b13)
# Java VM: Java HotSpot(TM) 64-Bit Server VM (25.181-b13 mixed mode windows-amd64 compressed oops)
Heap:
 PSYoungGen      total 1311232K, used 1011784K [0x000000076bb80000, 0x00000007c0000000, 0x00000007c0000000)
  eden space 1240064K, 78% used [0x000000076bb80000,0x00000007a71ac490,0x00000007b7680000)
  from space 71168K, 54% used [0x00000007bba80000,0x00000007be065d38,0x00000007c0000000)
  to   space 69632K, 0% used [0x00000007b7680000,0x00000007b7680000,0x00000007bba80000)
 ParOldGen       total 284160K, used 222462K [0x00000006c3200000, 0x00000006d4780000, 0x000000076bb80000)
  object space 284160K, 78% used [0x00000006c3200000,0x00000006d0b3f900,0x00000006d4780000)
 Metaspace       used 43736K, capacity 45086K, committed 45184K, reserved 1089536K
  class space    used 5062K, capacity 5406K, committed 5504K, reserved 1048576K
GC Heap History (10 events):
Event: 92.978 GC heap before
{Heap before GC invocations=27 (full 3):
 PSYoungGen      total 836608K, used 787968K [0x000000076bb80000, 0x00000007ae300000, 0x00000007c0000000)
  eden space 787968K, 100% used [0x000000076bb80000,0x000000079bd00000,0x000000079bd00000)
  from space 48640K, 0% used [0x000000079bd00000,0x000000079bd00000,0x000000079ec80000)
  to   space 52224K, 0% used [0x00000007ab000000,0x00000007ab000000,0x00000007ae300000)
 ParOldGen       total 284160K, used 94461K [0x00000006c3200000, 0x00000006d4780000, 0x000000076bb80000)
  object space 284160K, 33% used [0x00000006c3200000,0x00000006c8e3f4b0,0x00000006d4780000)
 Metaspace       used 40207K, capacity 41306K, committed 41856K, reserved 1085440K
  class space    used 4646K, capacity 4918K, committed 4992K, reserved 1048576K
Event: 93.015 GC heap after
Heap after GC invocations=27 (full 3):
 PSYoungGen      total 998400K, used 35174K [0x000000076bb80000, 0x00000007ad280000, 0x00000007c0000000)
  eden space 963072K, 0% used [0x000000076bb80000,0x000000076bb80000,0x00000007a6800000)
  from space 35328K, 99% used [0x00000007ab000000,0x00000007ad259b08,0x00000007ad280000)
  to   space 53248K, 0% used [0x00000007a6a80000,0x00000007a6a80000,0x00000007a9e80000)
 ParOldGen       total 284160K, used 94469K [0x00000006c3200000, 0x00000006d4780000, 0x000000076bb80000)
  object space 284160K, 33% used [0x00000006c3200000,0x00000006c8e414b0,0x00000006d4780000)
 Metaspace       used 40207K, capacity 41306K, committed 41856K, reserved 1085440K
  class space    used 4646K, capacity 4918K, committed 4992K, reserved 1048576K
}
Event: 96.234 GC heap before
{Heap before GC invocations=28 (full 3):
 PSYoungGen      total 998400K, used 998246K [0x000000076bb80000, 0x00000007ad280000, 0x00000007c0000000)
  eden space 963072K, 100% used [0x000000076bb80000,0x00000007a6800000,0x00000007a6800000)
  from space 35328K, 99% used [0x00000007ab000000,0x00000007ad259b08,0x00000007ad280000)
  to   space 53248K, 0% used [0x00000007a6a80000,0x00000007a6a80000,0x00000007a9e80000)
 ParOldGen       total 284160K, used 94469K [0x00000006c3200000, 0x00000006d4780000, 0x000000076bb80000)
  object space 284160K, 33% used [0x00000006c3200000,0x00000006c8e414b0,0x00000006d4780000)
 Metaspace       used 40279K, capacity 41388K, committed 41856K, reserved 1085440K
  class space    used 4653K, capacity 4921K, committed 4992K, reserved 1048576K
Event: 96.311 GC heap after
Heap after GC invocations=28 (full 3):
 PSYoungGen      total 1018880K, used 24961K [0x000000076bb80000, 0x00000007b7000000, 0x00000007c0000000)
  eden space 965632K, 0% used [0x000000076bb80000,0x000000076bb80000,0x00000007a6a80000)
  from space 53248K, 46% used [0x00000007a6a80000,0x00000007a82e0470,0x00000007a9e80000)
  to   space 50688K, 0% used [0x00000007b3e80000,0x00000007b3e80000,0x00000007b7000000)
 ParOldGen       total 284160K, used 127403K [0x00000006c3200000, 0x00000006d4780000, 0x000000076bb80000)
  object space 284160K, 44% used [0x00000006c3200000,0x00000006cae6af08,0x00000006d4780000)
 Metaspace       used 40279K, capacity 41388K, committed 41856K, reserved 1085440K
  class space    used 4653K, capacity 4921K, committed 4992K, reserved 1048576K
}
Event: 99.504 GC heap before
{Heap before GC invocations=29 (full 3):
 PSYoungGen      total 1018880K, used 990593K [0x000000076bb80000, 0x00000007b7000000, 0x00000007c0000000)
  eden space 965632K, 100% used [0x000000076bb80000,0x00000007a6a80000,0x00000007a6a80000)
  from space 53248K, 46% used [0x00000007a6a80000,0x00000007a82e0470,0x00000007a9e80000)
  to   space 50688K, 0% used [0x00000007b3e80000,0x00000007b3e80000,0x00000007b7000000)
 ParOldGen       total 284160K, used 127403K [0x00000006c3200000, 0x00000006d4780000, 0x000000076bb80000)
  object space 284160K, 44% used [0x00000006c3200000,0x00000006cae6af08,0x00000006d4780000)
 Metaspace       used 40347K, capacity 41460K, committed 41856K, reserved 1085440K
  class space    used 4656K, capacity 4924K, committed 4992K, reserved 1048576K
Event: 99.605 GC heap after
Heap after GC invocations=29 (full 3):
 PSYoungGen      total 1165312K, used 50659K [0x000000076bb80000, 0x00000007ba180000, 0x00000007c0000000)
  eden space 1114624K, 0% used [0x000000076bb80000,0x000000076bb80000,0x00000007afc00000)
  from space 50688K, 99% used [0x00000007b3e80000,0x00000007b6ff8f08,0x00000007b7000000)
  to   space 68096K, 0% used [0x00000007afc00000,0x00000007afc00000,0x00000007b3e80000)
 ParOldGen       total 284160K, used 156357K [0x00000006c3200000, 0x00000006d4780000, 0x000000076bb80000)
  object space 284160K, 55% used [0x00000006c3200000,0x00000006ccab14d8,0x00000006d4780000)
 Metaspace       used 40347K, capacity 41460K, committed 41856K, reserved 1085440K
  class space    used 4656K, capacity 4924K, committed 4992K, reserved 1048576K
}
Event: 106.712 GC heap before
{Heap before GC invocations=30 (full 3):
 PSYoungGen      total 1165312K, used 1165283K [0x000000076bb80000, 0x00000007ba180000, 0x00000007c0000000)
  eden space 1114624K, 100% used [0x000000076bb80000,0x00000007afc00000,0x00000007afc00000)
  from space 50688K, 99% used [0x00000007b3e80000,0x00000007b6ff8f08,0x00000007b7000000)
  to   space 68096K, 0% used [0x00000007afc00000,0x00000007afc00000,0x00000007b3e80000)
 ParOldGen       total 284160K, used 156357K [0x00000006c3200000, 0x00000006d4780000, 0x000000076bb80000)
  object space 284160K, 55% used [0x00000006c3200000,0x00000006ccab14d8,0x00000006d4780000)
 Metaspace       used 40536K, capacity 41620K, committed 41856K, reserved 1085440K
  class space    used 4669K, capacity 4956K, committed 4992K, reserved 1048576K
Event: 106.776 GC heap after
Heap after GC invocations=30 (full 3):
 PSYoungGen      total 1182720K, used 47807K [0x000000076bb80000, 0x00000007c0000000, 0x00000007c0000000)
  eden space 1114624K, 0% used [0x000000076bb80000,0x000000076bb80000,0x00000007afc00000)
  from space 68096K, 70% used [0x00000007afc00000,0x00000007b2aafce8,0x00000007b3e80000)
  to   space 71168K, 0% used [0x00000007bba80000,0x00000007bba80000,0x00000007c0000000)
 ParOldGen       total 284160K, used 183186K [0x00000006c3200000, 0x00000006d4780000, 0x000000076bb80000)
  object space 284160K, 64% used [0x00000006c3200000,0x00000006ce4e4958,0x00000006d4780000)
 Metaspace       used 40536K, capacity 41620K, committed 41856K, reserved 1085440K
  class space    used 4669K, capacity 4956K, committed 4992K, reserved 1048576K
}
Event: 113.440 GC heap before
{Heap before GC invocations=31 (full 3):
 PSYoungGen      total 1182720K, used 1162431K [0x000000076bb80000, 0x00000007c0000000, 0x00000007c0000000)
  eden space 1114624K, 100% used [0x000000076bb80000,0x00000007afc00000,0x00000007afc00000)
  from space 68096K, 70% used [0x00000007afc00000,0x00000007b2aafce8,0x00000007b3e80000)
  to   space 71168K, 0% used [0x00000007bba80000,0x00000007bba80000,0x00000007c0000000)
 ParOldGen       total 284160K, used 183186K [0x00000006c3200000, 0x00000006d4780000, 0x000000076bb80000)
  object space 284160K, 64% used [0x00000006c3200000,0x00000006ce4e4958,0x00000006d4780000)
 Metaspace       used 41944K, capacity 43166K, committed 43392K, reserved 1087488K
  class space    used 4845K, capacity 5140K, committed 5248K, reserved 1048576K
Event: 113.532 GC heap after
Heap after GC invocations=31 (full 3):
 PSYoungGen      total 1311232K, used 38807K [0x000000076bb80000, 0x00000007c0000000, 0x00000007c0000000)
  eden space 1240064K, 0% used [0x000000076bb80000,0x000000076bb80000,0x00000007b7680000)
  from space 71168K, 54% used [0x00000007bba80000,0x00000007be065d38,0x00000007c0000000)
  to   space 69632K, 0% used [0x00000007b7680000,0x00000007b7680000,0x00000007bba80000)
 ParOldGen       total 284160K, used 222462K [0x00000006c3200000, 0x00000006d4780000, 0x000000076bb80000)
  object space 284160K, 78% used [0x00000006c3200000,0x00000006d0b3f900,0x00000006d4780000)
 Metaspace       used 41944K, capacity 43166K, committed 43392K, reserved 1087488K
  class space    used 4845K, capacity 5140K, committed 5248K, reserved 1048576K
}

