# JRE version: Java(TM) SE Runtime Environment (8.0_181-b13) (build 1.8.0_181-b13)
# Java VM: Java HotSpot(TM) 64-Bit Server VM (25.181-b13 mixed mode windows-amd64 compressed oops)
Heap:
 PSYoungGen      total 206336K, used 55973K [0x000000076bb80000, 0x000000077d780000, 0x00000007c0000000)
  eden space 180736K, 16% used [0x000000076bb80000,0x000000076d92d0e0,0x0000000776c00000)
  from space 25600K, 99% used [0x0000000779680000,0x000000077af7c5b8,0x000000077af80000)
  to   space 43520K, 0% used [0x0000000776c00000,0x0000000776c00000,0x0000000779680000)
 ParOldGen       total 135168K, used 56525K [0x00000006c3200000, 0x00000006cb600000, 0x000000076bb80000)
  object space 135168K, 41% used [0x00000006c3200000,0x00000006c6933670,0x00000006cb600000)
 Metaspace       used 31147K, capacity 31976K, committed 32128K, reserved 1077248K
  class space    used 3722K, capacity 3967K, committed 3968K, reserved 1048576K
GC Heap History (10 events):
Event: 8.837 GC heap before
{Heap before GC invocations=5 (full 1):
 PSYoungGen      total 140800K, used 130048K [0x000000076bb80000, 0x0000000774f80000, 0x00000007c0000000)
  eden space 130048K, 100% used [0x000000076bb80000,0x0000000773a80000,0x0000000773a80000)
  from space 10752K, 0% used [0x0000000773a80000,0x0000000773a80000,0x0000000774500000)
  to   space 10752K, 0% used [0x0000000774500000,0x0000000774500000,0x0000000774f80000)
 ParOldGen       total 135168K, used 16940K [0x00000006c3200000, 0x00000006cb600000, 0x000000076bb80000)
  object space 135168K, 12% used [0x00000006c3200000,0x00000006c428b360,0x00000006cb600000)
 Metaspace       used 22316K, capacity 22876K, committed 23168K, reserved 1069056K
  class space    used 2673K, capacity 2857K, committed 2944K, reserved 1048576K
Event: 8.849 GC heap after
Heap after GC invocations=5 (full 1):
 PSYoungGen      total 140800K, used 8950K [0x000000076bb80000, 0x0000000776f80000, 0x00000007c0000000)
  eden space 130048K, 0% used [0x000000076bb80000,0x000000076bb80000,0x0000000773a80000)
  from space 10752K, 83% used [0x0000000774500000,0x0000000774dbd818,0x0000000774f80000)
  to   space 10752K, 0% used [0x0000000773a80000,0x0000000773a80000,0x0000000774500000)
 ParOldGen       total 135168K, used 16948K [0x00000006c3200000, 0x00000006cb600000, 0x000000076bb80000)
  object space 135168K, 12% used [0x00000006c3200000,0x00000006c428d360,0x00000006cb600000)
 Metaspace       used 22316K, capacity 22876K, committed 23168K, reserved 1069056K
  class space    used 2673K, capacity 2857K, committed 2944K, reserved 1048576K
}
Event: 12.743 GC heap before
{Heap before GC invocations=6 (full 1):
 PSYoungGen      total 140800K, used 138998K [0x000000076bb80000, 0x0000000776f80000, 0x00000007c0000000)
  eden space 130048K, 100% used [0x000000076bb80000,0x0000000773a80000,0x0000000773a80000)
  from space 10752K, 83% used [0x0000000774500000,0x0000000774dbd818,0x0000000774f80000)
  to   space 10752K, 0% used [0x0000000773a80000,0x0000000773a80000,0x0000000774500000)
 ParOldGen       total 135168K, used 16948K [0x00000006c3200000, 0x00000006cb600000, 0x000000076bb80000)
  object space 135168K, 12% used [0x00000006c3200000,0x00000006c428d360,0x00000006cb600000)
 Metaspace       used 23898K, capacity 24536K, committed 24832K, reserved 1071104K
  class space    used 2874K, capacity 3067K, committed 3072K, reserved 1048576K
Event: 12.758 GC heap after
Heap after GC invocations=6 (full 1):
 PSYoungGen      total 140800K, used 10752K [0x000000076bb80000, 0x0000000777e00000, 0x00000007c0000000)
  eden space 130048K, 0% used [0x000000076bb80000,0x000000076bb80000,0x0000000773a80000)
  from space 10752K, 100% used [0x0000000773a80000,0x0000000774500000,0x0000000774500000)
  to   space 19968K, 0% used [0x0000000776a80000,0x0000000776a80000,0x0000000777e00000)
 ParOldGen       total 135168K, used 23250K [0x00000006c3200000, 0x00000006cb600000, 0x000000076bb80000)
  object space 135168K, 17% used [0x00000006c3200000,0x00000006c48b4bc0,0x00000006cb600000)
 Metaspace       used 23898K, capacity 24536K, committed 24832K, reserved 1071104K
  class space    used 2874K, capacity 3067K, committed 3072K, reserved 1048576K
}
Event: 14.320 GC heap before
{Heap before GC invocations=7 (full 1):
 PSYoungGen      total 140800K, used 140800K [0x000000076bb80000, 0x0000000777e00000, 0x00000007c0000000)
  eden space 130048K, 100% used [0x000000076bb80000,0x0000000773a80000,0x0000000773a80000)
  from space 10752K, 100% used [0x0000000773a80000,0x0000000774500000,0x0000000774500000)
  to   space 19968K, 0% used [0x0000000776a80000,0x0000000776a80000,0x0000000777e00000)
 ParOldGen       total 135168K, used 23250K [0x00000006c3200000, 0x00000006cb600000, 0x000000076bb80000)
  object space 135168K, 17% used [0x00000006c3200000,0x00000006c48b4bc0,0x00000006cb600000)
 Metaspace       used 24519K, capacity 25194K, committed 25472K, reserved 1071104K
  class space    used 2933K, capacity 3134K, committed 3200K, reserved 1048576K
Event: 14.343 GC heap after
Heap after GC invocations=7 (full 1):
 PSYoungGen      total 177152K, used 17747K [0x000000076bb80000, 0x0000000778780000, 0x00000007c0000000)
  eden space 157184K, 0% used [0x000000076bb80000,0x000000076bb80000,0x0000000775500000)
  from space 19968K, 88% used [0x0000000776a80000,0x0000000777bd4d60,0x0000000777e00000)
  to   space 22016K, 0% used [0x0000000775500000,0x0000000775500000,0x0000000776a80000)
 ParOldGen       total 135168K, used 23250K [0x00000006c3200000, 0x00000006cb600000, 0x000000076bb80000)
  object space 135168K, 17% used [0x00000006c3200000,0x00000006c48b4bc0,0x00000006cb600000)
 Metaspace       used 24519K, capacity 25194K, committed 25472K, reserved 1071104K
  class space    used 2933K, capacity 3134K, committed 3200K, reserved 1048576K
}
Event: 18.315 GC heap before
{Heap before GC invocations=8 (full 1):
 PSYoungGen      total 177152K, used 174931K [0x000000076bb80000, 0x0000000778780000, 0x00000007c0000000)
  eden space 157184K, 100% used [0x000000076bb80000,0x0000000775500000,0x0000000775500000)
  from space 19968K, 88% used [0x0000000776a80000,0x0000000777bd4d60,0x0000000777e00000)
  to   space 22016K, 0% used [0x0000000775500000,0x0000000775500000,0x0000000776a80000)
 ParOldGen       total 135168K, used 23250K [0x00000006c3200000, 0x00000006cb600000, 0x000000076bb80000)
  object space 135168K, 17% used [0x00000006c3200000,0x00000006c48b4bc0,0x00000006cb600000)
 Metaspace       used 26713K, capacity 27464K, committed 27648K, reserved 1073152K
  class space    used 3239K, capacity 3487K, committed 3584K, reserved 1048576K
Event: 18.347 GC heap after
Heap after GC invocations=8 (full 1):
 PSYoungGen      total 179200K, used 22002K [0x000000076bb80000, 0x000000077af80000, 0x00000007c0000000)
  eden space 157184K, 0% used [0x000000076bb80000,0x000000076bb80000,0x0000000775500000)
  from space 22016K, 99% used [0x0000000775500000,0x0000000776a7cbe0,0x0000000776a80000)
  to   space 25600K, 0% used [0x0000000779680000,0x0000000779680000,0x000000077af80000)
 ParOldGen       total 135168K, used 23356K [0x00000006c3200000, 0x00000006cb600000, 0x000000076bb80000)
  object space 135168K, 17% used [0x00000006c3200000,0x00000006c48cf2d0,0x00000006cb600000)
 Metaspace       used 26713K, capacity 27464K, committed 27648K, reserved 1073152K
  class space    used 3239K, capacity 3487K, committed 3584K, reserved 1048576K
}
Event: 21.067 GC heap before
{Heap before GC invocations=9 (full 1):
 PSYoungGen      total 179200K, used 179186K [0x000000076bb80000, 0x000000077af80000, 0x00000007c0000000)
  eden space 157184K, 100% used [0x000000076bb80000,0x0000000775500000,0x0000000775500000)
  from space 22016K, 99% used [0x0000000775500000,0x0000000776a7cbe0,0x0000000776a80000)
  to   space 25600K, 0% used [0x0000000779680000,0x0000000779680000,0x000000077af80000)
 ParOldGen       total 135168K, used 23356K [0x00000006c3200000, 0x00000006cb600000, 0x000000076bb80000)
  object space 135168K, 17% used [0x00000006c3200000,0x00000006c48cf2d0,0x00000006cb600000)
 Metaspace       used 30881K, capacity 31688K, committed 31872K, reserved 1077248K
  class space    used 3717K, capacity 3935K, committed 3968K, reserved 1048576K
Event: 21.108 GC heap after
Heap after GC invocations=9 (full 1):
 PSYoungGen      total 206336K, used 25585K [0x000000076bb80000, 0x000000077d780000, 0x00000007c0000000)
  eden space 180736K, 0% used [0x000000076bb80000,0x000000076bb80000,0x0000000776c00000)
  from space 25600K, 99% used [0x0000000779680000,0x000000077af7c5b8,0x000000077af80000)
  to   space 43520K, 0% used [0x0000000776c00000,0x0000000776c00000,0x0000000779680000)
 ParOldGen       total 135168K, used 56525K [0x00000006c3200000, 0x00000006cb600000, 0x000000076bb80000)
  object space 135168K, 41% used [0x00000006c3200000,0x00000006c6933670,0x00000006cb600000)
 Metaspace       used 30881K, capacity 31688K, committed 31872K, reserved 1077248K
  class space    used 3717K, capacity 3935K, committed 3968K, reserved 1048576K
}

