# JRE version: Java(TM) SE Runtime Environment (8.0_181-b13) (build 1.8.0_181-b13)
# Java VM: Java HotSpot(TM) 64-Bit Server VM (25.181-b13 mixed mode windows-amd64 compressed oops)
Heap:
 PSYoungGen      total 329728K, used 50120K [0x000000076bb80000, 0x0000000787900000, 0x00000007c0000000)
  eden space 279040K, 17% used [0x000000076bb80000,0x000000076ec722c0,0x000000077cc00000)
  from space 50688K, 0% used [0x000000077cc00000,0x000000077cc00000,0x000000077fd80000)
  to   space 57856K, 0% used [0x0000000784080000,0x0000000784080000,0x0000000787900000)
 ParOldGen       total 242176K, used 65204K [0x00000006c3200000, 0x00000006d1e80000, 0x000000076bb80000)
  object space 242176K, 26% used [0x00000006c3200000,0x00000006c71ad040,0x00000006d1e80000)
 Metaspace       used 29905K, capacity 30750K, committed 35416K, reserved 1081344K
  class space    used 3330K, capacity 3511K, committed 4184K, reserved 1048576K
GC Heap History (10 events):
Event: 8.610 GC heap before
{Heap before GC invocations=9 (full 1):
 PSYoungGen      total 268288K, used 268274K [0x000000076bb80000, 0x000000077e880000, 0x00000007c0000000)
  eden space 244736K, 100% used [0x000000076bb80000,0x000000077aa80000,0x000000077aa80000)
  from space 23552K, 99% used [0x000000077ad80000,0x000000077c47cac0,0x000000077c480000)
  to   space 31744K, 0% used [0x000000077c980000,0x000000077c980000,0x000000077e880000)
 ParOldGen       total 130560K, used 37786K [0x00000006c3200000, 0x00000006cb180000, 0x000000076bb80000)
  object space 130560K, 28% used [0x00000006c3200000,0x00000006c56e6bd8,0x00000006cb180000)
 Metaspace       used 29735K, capacity 30624K, committed 30720K, reserved 1077248K
  class space    used 3367K, capacity 3583K, committed 3584K, reserved 1048576K
Event: 8.640 GC heap after
Heap after GC invocations=9 (full 1):
 PSYoungGen      total 267264K, used 31733K [0x000000076bb80000, 0x0000000784c80000, 0x00000007c0000000)
  eden space 235520K, 0% used [0x000000076bb80000,0x000000076bb80000,0x000000077a180000)
  from space 31744K, 99% used [0x000000077c980000,0x000000077e87d618,0x000000077e880000)
  to   space 40960K, 0% used [0x000000077a180000,0x000000077a180000,0x000000077c980000)
 ParOldGen       total 130560K, used 49051K [0x00000006c3200000, 0x00000006cb180000, 0x000000076bb80000)
  object space 130560K, 37% used [0x00000006c3200000,0x00000006c61e6e08,0x00000006cb180000)
 Metaspace       used 29735K, capacity 30624K, committed 30720K, reserved 1077248K
  class space    used 3367K, capacity 3583K, committed 3584K, reserved 1048576K
}
Event: 10.922 GC heap before
{Heap before GC invocations=10 (full 1):
 PSYoungGen      total 267264K, used 267253K [0x000000076bb80000, 0x0000000784c80000, 0x00000007c0000000)
  eden space 235520K, 100% used [0x000000076bb80000,0x000000077a180000,0x000000077a180000)
  from space 31744K, 99% used [0x000000077c980000,0x000000077e87d618,0x000000077e880000)
  to   space 40960K, 0% used [0x000000077a180000,0x000000077a180000,0x000000077c980000)
 ParOldGen       total 130560K, used 49051K [0x00000006c3200000, 0x00000006cb180000, 0x000000076bb80000)
  object space 130560K, 37% used [0x00000006c3200000,0x00000006c61e6e08,0x00000006cb180000)
 Metaspace       used 32510K, capacity 33432K, committed 33664K, reserved 1079296K
  class space    used 3674K, capacity 3895K, committed 3968K, reserved 1048576K
Event: 10.955 GC heap after
Heap after GC invocations=10 (full 1):
 PSYoungGen      total 276480K, used 37442K [0x000000076bb80000, 0x0000000782a00000, 0x00000007c0000000)
  eden space 235520K, 0% used [0x000000076bb80000,0x000000076bb80000,0x000000077a180000)
  from space 40960K, 91% used [0x000000077a180000,0x000000077c610a68,0x000000077c980000)
  to   space 45568K, 0% used [0x000000077fd80000,0x000000077fd80000,0x0000000782a00000)
 ParOldGen       total 130560K, used 61490K [0x00000006c3200000, 0x00000006cb180000, 0x000000076bb80000)
  object space 130560K, 47% used [0x00000006c3200000,0x00000006c6e0c9a8,0x00000006cb180000)
 Metaspace       used 32510K, capacity 33432K, committed 33664K, reserved 1079296K
  class space    used 3674K, capacity 3895K, committed 3968K, reserved 1048576K
}
Event: 12.923 GC heap before
{Heap before GC invocations=11 (full 1):
 PSYoungGen      total 276480K, used 272962K [0x000000076bb80000, 0x0000000782a00000, 0x00000007c0000000)
  eden space 235520K, 100% used [0x000000076bb80000,0x000000077a180000,0x000000077a180000)
  from space 40960K, 91% used [0x000000077a180000,0x000000077c610a68,0x000000077c980000)
  to   space 45568K, 0% used [0x000000077fd80000,0x000000077fd80000,0x0000000782a00000)
 ParOldGen       total 130560K, used 61490K [0x00000006c3200000, 0x00000006cb180000, 0x000000076bb80000)
  object space 130560K, 47% used [0x00000006c3200000,0x00000006c6e0c9a8,0x00000006cb180000)
 Metaspace       used 33918K, capacity 34930K, committed 35072K, reserved 1081344K
  class space    used 3841K, capacity 4071K, committed 4096K, reserved 1048576K
Event: 12.955 GC heap after
Heap after GC invocations=11 (full 1):
 PSYoungGen      total 324608K, used 42124K [0x000000076bb80000, 0x0000000783500000, 0x00000007c0000000)
  eden space 279040K, 0% used [0x000000076bb80000,0x000000076bb80000,0x000000077cc00000)
  from space 45568K, 92% used [0x000000077fd80000,0x00000007826a3048,0x0000000782a00000)
  to   space 50688K, 0% used [0x000000077cc00000,0x000000077cc00000,0x000000077fd80000)
 ParOldGen       total 130560K, used 61498K [0x00000006c3200000, 0x00000006cb180000, 0x000000076bb80000)
  object space 130560K, 47% used [0x00000006c3200000,0x00000006c6e0e9a8,0x00000006cb180000)
 Metaspace       used 33918K, capacity 34930K, committed 35072K, reserved 1081344K
  class space    used 3841K, capacity 4071K, committed 4096K, reserved 1048576K
}
Event: 14.400 GC heap before
{Heap before GC invocations=12 (full 1):
 PSYoungGen      total 324608K, used 139229K [0x000000076bb80000, 0x0000000783500000, 0x00000007c0000000)
  eden space 279040K, 34% used [0x000000076bb80000,0x0000000771a54518,0x000000077cc00000)
  from space 45568K, 92% used [0x000000077fd80000,0x00000007826a3048,0x0000000782a00000)
  to   space 50688K, 0% used [0x000000077cc00000,0x000000077cc00000,0x000000077fd80000)
 ParOldGen       total 130560K, used 61498K [0x00000006c3200000, 0x00000006cb180000, 0x000000076bb80000)
  object space 130560K, 47% used [0x00000006c3200000,0x00000006c6e0e9a8,0x00000006cb180000)
 Metaspace       used 34284K, capacity 35322K, committed 35416K, reserved 1081344K
  class space    used 3876K, capacity 4111K, committed 4184K, reserved 1048576K
Event: 14.427 GC heap after
Heap after GC invocations=12 (full 1):
 PSYoungGen      total 329728K, used 50669K [0x000000076bb80000, 0x0000000787900000, 0x00000007c0000000)
  eden space 279040K, 0% used [0x000000076bb80000,0x000000076bb80000,0x000000077cc00000)
  from space 50688K, 99% used [0x000000077cc00000,0x000000077fd7b468,0x000000077fd80000)
  to   space 57856K, 0% used [0x0000000784080000,0x0000000784080000,0x0000000787900000)
 ParOldGen       total 130560K, used 62650K [0x00000006c3200000, 0x00000006cb180000, 0x000000076bb80000)
  object space 130560K, 47% used [0x00000006c3200000,0x00000006c6f2ead0,0x00000006cb180000)
 Metaspace       used 34284K, capacity 35322K, committed 35416K, reserved 1081344K
  class space    used 3876K, capacity 4111K, committed 4184K, reserved 1048576K
}
Event: 14.427 GC heap before
{Heap before GC invocations=13 (full 2):
 PSYoungGen      total 329728K, used 50669K [0x000000076bb80000, 0x0000000787900000, 0x00000007c0000000)
  eden space 279040K, 0% used [0x000000076bb80000,0x000000076bb80000,0x000000077cc00000)
  from space 50688K, 99% used [0x000000077cc00000,0x000000077fd7b468,0x000000077fd80000)
  to   space 57856K, 0% used [0x0000000784080000,0x0000000784080000,0x0000000787900000)
 ParOldGen       total 130560K, used 62650K [0x00000006c3200000, 0x00000006cb180000, 0x000000076bb80000)
  object space 130560K, 47% used [0x00000006c3200000,0x00000006c6f2ead0,0x00000006cb180000)
 Metaspace       used 34284K, capacity 35322K, committed 35416K, reserved 1081344K
  class space    used 3876K, capacity 4111K, committed 4184K, reserved 1048576K
Event: 14.560 GC heap after
Heap after GC invocations=13 (full 2):
 PSYoungGen      total 329728K, used 0K [0x000000076bb80000, 0x0000000787900000, 0x00000007c0000000)
  eden space 279040K, 0% used [0x000000076bb80000,0x000000076bb80000,0x000000077cc00000)
  from space 50688K, 0% used [0x000000077cc00000,0x000000077cc00000,0x000000077fd80000)
  to   space 57856K, 0% used [0x0000000784080000,0x0000000784080000,0x0000000787900000)
 ParOldGen       total 242176K, used 65204K [0x00000006c3200000, 0x00000006d1e80000, 0x000000076bb80000)
  object space 242176K, 26% used [0x00000006c3200000,0x00000006c71ad040,0x00000006d1e80000)
 Metaspace       used 28655K, capacity 29434K, committed 35416K, reserved 1081344K
  class space    used 3181K, capacity 3347K, committed 4184K, reserved 1048576K
}

