# JRE version: Java(TM) SE Runtime Environment (8.0_181-b13) (build 1.8.0_181-b13)
# Java VM: Java HotSpot(TM) 64-Bit Server VM (25.181-b13 mixed mode windows-amd64 compressed oops)
Heap:
 PSYoungGen      total 855552K, used 287303K [0x000000076bb80000, 0x00000007abf80000, 0x00000007c0000000)
  eden space 764928K, 25% used [0x000000076bb80000,0x0000000777b95fb0,0x000000079a680000)
  from space 90624K, 99% used [0x00000007a6700000,0x00000007abf7bce8,0x00000007abf80000)
  to   space 84992K, 0% used [0x000000079a680000,0x000000079a680000,0x000000079f980000)
 ParOldGen       total 293888K, used 225918K [0x00000006c3200000, 0x00000006d5100000, 0x000000076bb80000)
  object space 293888K, 76% used [0x00000006c3200000,0x00000006d0e9f998,0x00000006d5100000)
 Metaspace       used 37657K, capacity 38746K, committed 38912K, reserved 1083392K
  class space    used 4311K, capacity 4582K, committed 4608K, reserved 1048576K
GC Heap History (10 events):
Event: 29.445 GC heap before
{Heap before GC invocations=24 (full 2):
 PSYoungGen      total 634368K, used 602597K [0x000000076bb80000, 0x000000079c880000, 0x00000007c0000000)
  eden space 571392K, 100% used [0x000000076bb80000,0x000000078e980000,0x000000078e980000)
  from space 62976K, 49% used [0x000000078e980000,0x00000007907f9410,0x0000000792700000)
  to   space 60416K, 0% used [0x0000000798d80000,0x0000000798d80000,0x000000079c880000)
 ParOldGen       total 293888K, used 155848K [0x00000006c3200000, 0x00000006d5100000, 0x000000076bb80000)
  object space 293888K, 53% used [0x00000006c3200000,0x00000006cca32108,0x00000006d5100000)
 Metaspace       used 35830K, capacity 36828K, committed 36992K, reserved 1081344K
  class space    used 4135K, capacity 4400K, committed 4480K, reserved 1048576K
Event: 29.478 GC heap after
Heap after GC invocations=24 (full 2):
 PSYoungGen      total 720896K, used 50212K [0x000000076bb80000, 0x000000079c400000, 0x00000007c0000000)
  eden space 665088K, 0% used [0x000000076bb80000,0x000000076bb80000,0x0000000794500000)
  from space 55808K, 89% used [0x0000000798d80000,0x000000079be89190,0x000000079c400000)
  to   space 65024K, 0% used [0x0000000794500000,0x0000000794500000,0x0000000798480000)
 ParOldGen       total 293888K, used 155856K [0x00000006c3200000, 0x00000006d5100000, 0x000000076bb80000)
  object space 293888K, 53% used [0x00000006c3200000,0x00000006cca34108,0x00000006d5100000)
 Metaspace       used 35830K, capacity 36828K, committed 36992K, reserved 1081344K
  class space    used 4135K, capacity 4400K, committed 4480K, reserved 1048576K
}
Event: 38.736 GC heap before
{Heap before GC invocations=25 (full 2):
 PSYoungGen      total 720896K, used 715300K [0x000000076bb80000, 0x000000079c400000, 0x00000007c0000000)
  eden space 665088K, 100% used [0x000000076bb80000,0x0000000794500000,0x0000000794500000)
  from space 55808K, 89% used [0x0000000798d80000,0x000000079be89190,0x000000079c400000)
  to   space 65024K, 0% used [0x0000000794500000,0x0000000794500000,0x0000000798480000)
 ParOldGen       total 293888K, used 155856K [0x00000006c3200000, 0x00000006d5100000, 0x000000076bb80000)
  object space 293888K, 53% used [0x00000006c3200000,0x00000006cca34108,0x00000006d5100000)
 Metaspace       used 37345K, capacity 38458K, committed 38656K, reserved 1083392K
  class space    used 4296K, capacity 4575K, committed 4608K, reserved 1048576K
Event: 38.841 GC heap after
Heap after GC invocations=25 (full 2):
 PSYoungGen      total 730112K, used 64996K [0x000000076bb80000, 0x00000007a4d80000, 0x00000007c0000000)
  eden space 665088K, 0% used [0x000000076bb80000,0x000000076bb80000,0x0000000794500000)
  from space 65024K, 99% used [0x0000000794500000,0x00000007984792b0,0x0000000798480000)
  to   space 86016K, 0% used [0x000000079f980000,0x000000079f980000,0x00000007a4d80000)
 ParOldGen       total 293888K, used 187459K [0x00000006c3200000, 0x00000006d5100000, 0x000000076bb80000)
  object space 293888K, 63% used [0x00000006c3200000,0x00000006ce910fc8,0x00000006d5100000)
 Metaspace       used 37345K, capacity 38458K, committed 38656K, reserved 1083392K
  class space    used 4296K, capacity 4575K, committed 4608K, reserved 1048576K
}
Event: 41.219 GC heap before
{Heap before GC invocations=26 (full 2):
 PSYoungGen      total 730112K, used 730084K [0x000000076bb80000, 0x00000007a4d80000, 0x00000007c0000000)
  eden space 665088K, 100% used [0x000000076bb80000,0x0000000794500000,0x0000000794500000)
  from space 65024K, 99% used [0x0000000794500000,0x00000007984792b0,0x0000000798480000)
  to   space 86016K, 0% used [0x000000079f980000,0x000000079f980000,0x00000007a4d80000)
 ParOldGen       total 293888K, used 187459K [0x00000006c3200000, 0x00000006d5100000, 0x000000076bb80000)
  object space 293888K, 63% used [0x00000006c3200000,0x00000006ce910fc8,0x00000006d5100000)
 Metaspace       used 37543K, capacity 38604K, committed 38912K, reserved 1083392K
  class space    used 4305K, capacity 4578K, committed 4608K, reserved 1048576K
Event: 41.337 GC heap after
Heap after GC invocations=26 (full 2):
 PSYoungGen      total 850944K, used 47805K [0x000000076bb80000, 0x00000007a5a80000, 0x00000007c0000000)
  eden space 764928K, 0% used [0x000000076bb80000,0x000000076bb80000,0x000000079a680000)
  from space 86016K, 55% used [0x000000079f980000,0x00000007a282f4b8,0x00000007a4d80000)
  to   space 84992K, 0% used [0x000000079a680000,0x000000079a680000,0x000000079f980000)
 ParOldGen       total 293888K, used 221454K [0x00000006c3200000, 0x00000006d5100000, 0x000000076bb80000)
  object space 293888K, 75% used [0x00000006c3200000,0x00000006d0a438d8,0x00000006d5100000)
 Metaspace       used 37543K, capacity 38604K, committed 38912K, reserved 1083392K
  class space    used 4305K, capacity 4578K, committed 4608K, reserved 1048576K
}
Event: 43.716 GC heap before
{Heap before GC invocations=27 (full 2):
 PSYoungGen      total 850944K, used 812733K [0x000000076bb80000, 0x00000007a5a80000, 0x00000007c0000000)
  eden space 764928K, 100% used [0x000000076bb80000,0x000000079a680000,0x000000079a680000)
  from space 86016K, 55% used [0x000000079f980000,0x00000007a282f4b8,0x00000007a4d80000)
  to   space 84992K, 0% used [0x000000079a680000,0x000000079a680000,0x000000079f980000)
 ParOldGen       total 293888K, used 221454K [0x00000006c3200000, 0x00000006d5100000, 0x000000076bb80000)
  object space 293888K, 75% used [0x00000006c3200000,0x00000006d0a438d8,0x00000006d5100000)
 Metaspace       used 37582K, capacity 38674K, committed 38912K, reserved 1083392K
  class space    used 4307K, capacity 4579K, committed 4608K, reserved 1048576K
Event: 43.830 GC heap after
Heap after GC invocations=27 (full 2):
 PSYoungGen      total 849920K, used 66724K [0x000000076bb80000, 0x00000007abf80000, 0x00000007c0000000)
  eden space 764928K, 0% used [0x000000076bb80000,0x000000076bb80000,0x000000079a680000)
  from space 84992K, 78% used [0x000000079a680000,0x000000079e7a9218,0x000000079f980000)
  to   space 90624K, 0% used [0x00000007a6700000,0x00000007a6700000,0x00000007abf80000)
 ParOldGen       total 293888K, used 221462K [0x00000006c3200000, 0x00000006d5100000, 0x000000076bb80000)
  object space 293888K, 75% used [0x00000006c3200000,0x00000006d0a458d8,0x00000006d5100000)
 Metaspace       used 37582K, capacity 38674K, committed 38912K, reserved 1083392K
  class space    used 4307K, capacity 4579K, committed 4608K, reserved 1048576K
}
Event: 47.186 GC heap before
{Heap before GC invocations=28 (full 2):
 PSYoungGen      total 849920K, used 831652K [0x000000076bb80000, 0x00000007abf80000, 0x00000007c0000000)
  eden space 764928K, 100% used [0x000000076bb80000,0x000000079a680000,0x000000079a680000)
  from space 84992K, 78% used [0x000000079a680000,0x000000079e7a9218,0x000000079f980000)
  to   space 90624K, 0% used [0x00000007a6700000,0x00000007a6700000,0x00000007abf80000)
 ParOldGen       total 293888K, used 221462K [0x00000006c3200000, 0x00000006d5100000, 0x000000076bb80000)
  object space 293888K, 75% used [0x00000006c3200000,0x00000006d0a458d8,0x00000006d5100000)
 Metaspace       used 37648K, capacity 38746K, committed 38912K, reserved 1083392K
  class space    used 4311K, capacity 4582K, committed 4608K, reserved 1048576K
Event: 47.325 GC heap after
Heap after GC invocations=28 (full 2):
 PSYoungGen      total 855552K, used 90607K [0x000000076bb80000, 0x00000007abf80000, 0x00000007c0000000)
  eden space 764928K, 0% used [0x000000076bb80000,0x000000076bb80000,0x000000079a680000)
  from space 90624K, 99% used [0x00000007a6700000,0x00000007abf7bce8,0x00000007abf80000)
  to   space 84992K, 0% used [0x000000079a680000,0x000000079a680000,0x000000079f980000)
 ParOldGen       total 293888K, used 225918K [0x00000006c3200000, 0x00000006d5100000, 0x000000076bb80000)
  object space 293888K, 76% used [0x00000006c3200000,0x00000006d0e9f998,0x00000006d5100000)
 Metaspace       used 37648K, capacity 38746K, committed 38912K, reserved 1083392K
  class space    used 4311K, capacity 4582K, committed 4608K, reserved 1048576K
}

