# JRE version: Java(TM) SE Runtime Environment (8.0_181-b13) (build 1.8.0_181-b13)
# Java VM: Java HotSpot(TM) 64-Bit Server VM (25.181-b13 mixed mode windows-amd64 compressed oops)
Heap:
 PSYoungGen      total 1303552K, used 963946K [0x000000076bb80000, 0x00000007bfb00000, 0x00000007c0000000)
  eden space 1234432K, 75% used [0x000000076bb80000,0x00000007a45b1a68,0x00000007b7100000)
  from space 69120K, 52% used [0x00000007bb780000,0x00000007bdaa8f08,0x00000007bfb00000)
  to   space 70656K, 0% used [0x00000007b7100000,0x00000007b7100000,0x00000007bb600000)
 ParOldGen       total 379904K, used 190399K [0x00000006c3200000, 0x00000006da500000, 0x000000076bb80000)
  object space 379904K, 50% used [0x00000006c3200000,0x00000006cebefc20,0x00000006da500000)
 Metaspace       used 38045K, capacity 39268K, committed 39552K, reserved 1083392K
  class space    used 4359K, capacity 4678K, committed 4736K, reserved 1048576K
GC Heap History (10 events):
Event: 32.920 GC heap before
{Heap before GC invocations=21 (full 2):
 PSYoungGen      total 982528K, used 981410K [0x000000076bb80000, 0x00000007ac200000, 0x00000007c0000000)
  eden space 925184K, 100% used [0x000000076bb80000,0x00000007a4300000,0x00000007a4300000)
  from space 57344K, 98% used [0x00000007a8600000,0x00000007abce88e8,0x00000007abe00000)
  to   space 65024K, 0% used [0x00000007a4300000,0x00000007a4300000,0x00000007a8280000)
 ParOldGen       total 294400K, used 192854K [0x00000006c3200000, 0x00000006d5180000, 0x000000076bb80000)
  object space 294400K, 65% used [0x00000006c3200000,0x00000006cee55b50,0x00000006d5180000)
 Metaspace       used 37541K, capacity 38674K, committed 38912K, reserved 1083392K
  class space    used 4303K, capacity 4579K, committed 4608K, reserved 1048576K
Event: 32.975 GC heap after
Heap after GC invocations=21 (full 2):
 PSYoungGen      total 990208K, used 65011K [0x000000076bb80000, 0x00000007b8700000, 0x00000007c0000000)
  eden space 925184K, 0% used [0x000000076bb80000,0x000000076bb80000,0x00000007a4300000)
  from space 65024K, 99% used [0x00000007a4300000,0x00000007a827cfd0,0x00000007a8280000)
  to   space 74752K, 0% used [0x00000007b3e00000,0x00000007b3e00000,0x00000007b8700000)
 ParOldGen       total 294400K, used 193233K [0x00000006c3200000, 0x00000006d5180000, 0x000000076bb80000)
  object space 294400K, 65% used [0x00000006c3200000,0x00000006ceeb45a8,0x00000006d5180000)
 Metaspace       used 37541K, capacity 38674K, committed 38912K, reserved 1083392K
  class space    used 4303K, capacity 4579K, committed 4608K, reserved 1048576K
}
Event: 34.217 GC heap before
{Heap before GC invocations=22 (full 2):
 PSYoungGen      total 990208K, used 990195K [0x000000076bb80000, 0x00000007b8700000, 0x00000007c0000000)
  eden space 925184K, 100% used [0x000000076bb80000,0x00000007a4300000,0x00000007a4300000)
  from space 65024K, 99% used [0x00000007a4300000,0x00000007a827cfd0,0x00000007a8280000)
  to   space 74752K, 0% used [0x00000007b3e00000,0x00000007b3e00000,0x00000007b8700000)
 ParOldGen       total 294400K, used 193233K [0x00000006c3200000, 0x00000006d5180000, 0x000000076bb80000)
  object space 294400K, 65% used [0x00000006c3200000,0x00000006ceeb45a8,0x00000006d5180000)
 Metaspace       used 37628K, capacity 38738K, committed 38912K, reserved 1083392K
  class space    used 4307K, capacity 4579K, committed 4608K, reserved 1048576K
Event: 34.307 GC heap after
Heap after GC invocations=22 (full 2):
 PSYoungGen      total 1184768K, used 25216K [0x000000076bb80000, 0x00000007ba180000, 0x00000007c0000000)
  eden space 1110016K, 0% used [0x000000076bb80000,0x000000076bb80000,0x00000007af780000)
  from space 74752K, 33% used [0x00000007b3e00000,0x00000007b56a03f0,0x00000007b8700000)
  to   space 72192K, 0% used [0x00000007af780000,0x00000007af780000,0x00000007b3e00000)
 ParOldGen       total 294400K, used 257100K [0x00000006c3200000, 0x00000006d5180000, 0x000000076bb80000)
  object space 294400K, 87% used [0x00000006c3200000,0x00000006d2d13200,0x00000006d5180000)
 Metaspace       used 37628K, capacity 38738K, committed 38912K, reserved 1083392K
  class space    used 4307K, capacity 4579K, committed 4608K, reserved 1048576K
}
Event: 34.307 GC heap before
{Heap before GC invocations=23 (full 3):
 PSYoungGen      total 1184768K, used 25216K [0x000000076bb80000, 0x00000007ba180000, 0x00000007c0000000)
  eden space 1110016K, 0% used [0x000000076bb80000,0x000000076bb80000,0x00000007af780000)
  from space 74752K, 33% used [0x00000007b3e00000,0x00000007b56a03f0,0x00000007b8700000)
  to   space 72192K, 0% used [0x00000007af780000,0x00000007af780000,0x00000007b3e00000)
 ParOldGen       total 294400K, used 257100K [0x00000006c3200000, 0x00000006d5180000, 0x000000076bb80000)
  object space 294400K, 87% used [0x00000006c3200000,0x00000006d2d13200,0x00000006d5180000)
 Metaspace       used 37628K, capacity 38738K, committed 38912K, reserved 1083392K
  class space    used 4307K, capacity 4579K, committed 4608K, reserved 1048576K
Event: 35.063 GC heap after
Heap after GC invocations=23 (full 3):
 PSYoungGen      total 1184768K, used 0K [0x000000076bb80000, 0x00000007ba180000, 0x00000007c0000000)
  eden space 1110016K, 0% used [0x000000076bb80000,0x000000076bb80000,0x00000007af780000)
  from space 74752K, 0% used [0x00000007b3e00000,0x00000007b3e00000,0x00000007b8700000)
  to   space 72192K, 0% used [0x00000007af780000,0x00000007af780000,0x00000007b3e00000)
 ParOldGen       total 379904K, used 141729K [0x00000006c3200000, 0x00000006da500000, 0x000000076bb80000)
  object space 379904K, 37% used [0x00000006c3200000,0x00000006cbc68488,0x00000006da500000)
 Metaspace       used 36065K, capacity 37062K, committed 38912K, reserved 1083392K
  class space    used 4126K, capacity 4368K, committed 4608K, reserved 1048576K
}
Event: 41.204 GC heap before
{Heap before GC invocations=24 (full 3):
 PSYoungGen      total 1184768K, used 1110016K [0x000000076bb80000, 0x00000007ba180000, 0x00000007c0000000)
  eden space 1110016K, 100% used [0x000000076bb80000,0x00000007af780000,0x00000007af780000)
  from space 74752K, 0% used [0x00000007b3e00000,0x00000007b3e00000,0x00000007b8700000)
  to   space 72192K, 0% used [0x00000007af780000,0x00000007af780000,0x00000007b3e00000)
 ParOldGen       total 379904K, used 141729K [0x00000006c3200000, 0x00000006da500000, 0x000000076bb80000)
  object space 379904K, 37% used [0x00000006c3200000,0x00000006cbc68488,0x00000006da500000)
 Metaspace       used 36153K, capacity 37230K, committed 38912K, reserved 1083392K
  class space    used 4137K, capacity 4403K, committed 4608K, reserved 1048576K
Event: 41.252 GC heap after
Heap after GC invocations=24 (full 3):
 PSYoungGen      total 1182208K, used 48821K [0x000000076bb80000, 0x00000007c0000000, 0x00000007c0000000)
  eden space 1110016K, 0% used [0x000000076bb80000,0x000000076bb80000,0x00000007af780000)
  from space 72192K, 67% used [0x00000007af780000,0x00000007b272d488,0x00000007b3e00000)
  to   space 74240K, 0% used [0x00000007bb780000,0x00000007bb780000,0x00000007c0000000)
 ParOldGen       total 379904K, used 141729K [0x00000006c3200000, 0x00000006da500000, 0x000000076bb80000)
  object space 379904K, 37% used [0x00000006c3200000,0x00000006cbc68488,0x00000006da500000)
 Metaspace       used 36153K, capacity 37230K, committed 38912K, reserved 1083392K
  class space    used 4137K, capacity 4403K, committed 4608K, reserved 1048576K
}
Event: 55.222 GC heap before
{Heap before GC invocations=25 (full 3):
 PSYoungGen      total 1182208K, used 1158837K [0x000000076bb80000, 0x00000007c0000000, 0x00000007c0000000)
  eden space 1110016K, 100% used [0x000000076bb80000,0x00000007af780000,0x00000007af780000)
  from space 72192K, 67% used [0x00000007af780000,0x00000007b272d488,0x00000007b3e00000)
  to   space 74240K, 0% used [0x00000007bb780000,0x00000007bb780000,0x00000007c0000000)
 ParOldGen       total 379904K, used 141729K [0x00000006c3200000, 0x00000006da500000, 0x000000076bb80000)
  object space 379904K, 37% used [0x00000006c3200000,0x00000006cbc68488,0x00000006da500000)
 Metaspace       used 36348K, capacity 37450K, committed 38912K, reserved 1083392K
  class space    used 4151K, capacity 4445K, committed 4608K, reserved 1048576K
Event: 55.352 GC heap after
Heap after GC invocations=25 (full 3):
 PSYoungGen      total 1303552K, used 36003K [0x000000076bb80000, 0x00000007bfb00000, 0x00000007c0000000)
  eden space 1234432K, 0% used [0x000000076bb80000,0x000000076bb80000,0x00000007b7100000)
  from space 69120K, 52% used [0x00000007bb780000,0x00000007bdaa8f08,0x00000007bfb00000)
  to   space 70656K, 0% used [0x00000007b7100000,0x00000007b7100000,0x00000007bb600000)
 ParOldGen       total 379904K, used 190399K [0x00000006c3200000, 0x00000006da500000, 0x000000076bb80000)
  object space 379904K, 50% used [0x00000006c3200000,0x00000006cebefc20,0x00000006da500000)
 Metaspace       used 36348K, capacity 37450K, committed 38912K, reserved 1083392K
  class space    used 4151K, capacity 4445K, committed 4608K, reserved 1048576K
}

