# JRE version: Java(TM) SE Runtime Environment (8.0_181-b13) (build 1.8.0_181-b13)
# Java VM: Java HotSpot(TM) 64-Bit Server VM (25.181-b13 mixed mode windows-amd64 compressed oops)
Heap:
 PSYoungGen      total 436736K, used 322938K [0x000000076b800000, 0x0000000788d00000, 0x00000007c0000000)
  eden space 394240K, 72% used [0x000000076b800000,0x000000077cfba590,0x0000000783900000)
  from space 42496K, 85% used [0x0000000786380000,0x0000000788724430,0x0000000788d00000)
  to   space 43008K, 0% used [0x0000000783900000,0x0000000783900000,0x0000000786300000)
 ParOldGen       total 196608K, used 136870K [0x00000006c2800000, 0x00000006ce800000, 0x000000076b800000)
  object space 196608K, 69% used [0x00000006c2800000,0x00000006cada98c0,0x00000006ce800000)
 Metaspace       used 38381K, capacity 39480K, committed 39728K, reserved 1085440K
  class space    used 4251K, capacity 4566K, committed 4656K, reserved 1048576K
GC Heap History (10 events):
Event: 33.861 GC heap before
{Heap before GC invocations=20 (full 2):
 PSYoungGen      total 367616K, used 333968K [0x000000076b800000, 0x0000000788f80000, 0x00000007c0000000)
  eden space 326656K, 100% used [0x000000076b800000,0x000000077f700000,0x000000077f700000)
  from space 40960K, 17% used [0x000000077f700000,0x000000077fe24160,0x0000000781f00000)
  to   space 45056K, 0% used [0x0000000786380000,0x0000000786380000,0x0000000788f80000)
 ParOldGen       total 196608K, used 96199K [0x00000006c2800000, 0x00000006ce800000, 0x000000076b800000)
  object space 196608K, 48% used [0x00000006c2800000,0x00000006c85f1c40,0x00000006ce800000)
 Metaspace       used 34416K, capacity 35428K, committed 35880K, reserved 1081344K
  class space    used 3872K, capacity 4182K, committed 4272K, reserved 1048576K
Event: 33.898 GC heap after
Heap after GC invocations=20 (full 2):
 PSYoungGen      total 436736K, used 21969K [0x000000076b800000, 0x0000000788d00000, 0x00000007c0000000)
  eden space 394240K, 0% used [0x000000076b800000,0x000000076b800000,0x0000000783900000)
  from space 42496K, 51% used [0x0000000786380000,0x00000007878f4780,0x0000000788d00000)
  to   space 43008K, 0% used [0x0000000783900000,0x0000000783900000,0x0000000786300000)
 ParOldGen       total 196608K, used 103276K [0x00000006c2800000, 0x00000006ce800000, 0x000000076b800000)
  object space 196608K, 52% used [0x00000006c2800000,0x00000006c8cdb1a0,0x00000006ce800000)
 Metaspace       used 34416K, capacity 35428K, committed 35880K, reserved 1081344K
  class space    used 3872K, capacity 4182K, committed 4272K, reserved 1048576K
}
Event: 37.777 GC heap before
{Heap before GC invocations=21 (full 2):
 PSYoungGen      total 436736K, used 416209K [0x000000076b800000, 0x0000000788d00000, 0x00000007c0000000)
  eden space 394240K, 100% used [0x000000076b800000,0x0000000783900000,0x0000000783900000)
  from space 42496K, 51% used [0x0000000786380000,0x00000007878f4780,0x0000000788d00000)
  to   space 43008K, 0% used [0x0000000783900000,0x0000000783900000,0x0000000786300000)
 ParOldGen       total 196608K, used 103276K [0x00000006c2800000, 0x00000006ce800000, 0x000000076b800000)
  object space 196608K, 52% used [0x00000006c2800000,0x00000006c8cdb1a0,0x00000006ce800000)
 Metaspace       used 34866K, capacity 35812K, committed 36136K, reserved 1081344K
  class space    used 3880K, capacity 4182K, committed 4272K, reserved 1048576K
Event: 37.799 GC heap after
Heap after GC invocations=21 (full 2):
 PSYoungGen      total 437248K, used 23370K [0x000000076b800000, 0x0000000788d00000, 0x00000007c0000000)
  eden space 394240K, 0% used [0x000000076b800000,0x000000076b800000,0x0000000783900000)
  from space 43008K, 54% used [0x0000000783900000,0x0000000784fd2bc0,0x0000000786300000)
  to   space 42496K, 0% used [0x0000000786380000,0x0000000786380000,0x0000000788d00000)
 ParOldGen       total 196608K, used 119085K [0x00000006c2800000, 0x00000006ce800000, 0x000000076b800000)
  object space 196608K, 60% used [0x00000006c2800000,0x00000006c9c4b5c8,0x00000006ce800000)
 Metaspace       used 34866K, capacity 35812K, committed 36136K, reserved 1081344K
  class space    used 3880K, capacity 4182K, committed 4272K, reserved 1048576K
}
Event: 42.576 GC heap before
{Heap before GC invocations=22 (full 2):
 PSYoungGen      total 437248K, used 417610K [0x000000076b800000, 0x0000000788d00000, 0x00000007c0000000)
  eden space 394240K, 100% used [0x000000076b800000,0x0000000783900000,0x0000000783900000)
  from space 43008K, 54% used [0x0000000783900000,0x0000000784fd2bc0,0x0000000786300000)
  to   space 42496K, 0% used [0x0000000786380000,0x0000000786380000,0x0000000788d00000)
 ParOldGen       total 196608K, used 119085K [0x00000006c2800000, 0x00000006ce800000, 0x000000076b800000)
  object space 196608K, 60% used [0x00000006c2800000,0x00000006c9c4b5c8,0x00000006ce800000)
 Metaspace       used 36675K, capacity 37692K, committed 37936K, reserved 1083392K
  class space    used 4054K, capacity 4356K, committed 4400K, reserved 1048576K
Event: 42.616 GC heap after
Heap after GC invocations=22 (full 2):
 PSYoungGen      total 436736K, used 41727K [0x000000076b800000, 0x0000000788d00000, 0x00000007c0000000)
  eden space 394240K, 0% used [0x000000076b800000,0x000000076b800000,0x0000000783900000)
  from space 42496K, 98% used [0x0000000786380000,0x0000000788c3fd88,0x0000000788d00000)
  to   space 43008K, 0% used [0x0000000783900000,0x0000000783900000,0x0000000786300000)
 ParOldGen       total 196608K, used 119093K [0x00000006c2800000, 0x00000006ce800000, 0x000000076b800000)
  object space 196608K, 60% used [0x00000006c2800000,0x00000006c9c4d5c8,0x00000006ce800000)
 Metaspace       used 36675K, capacity 37692K, committed 37936K, reserved 1083392K
  class space    used 4054K, capacity 4356K, committed 4400K, reserved 1048576K
}
Event: 44.237 GC heap before
{Heap before GC invocations=23 (full 2):
 PSYoungGen      total 436736K, used 435967K [0x000000076b800000, 0x0000000788d00000, 0x00000007c0000000)
  eden space 394240K, 100% used [0x000000076b800000,0x0000000783900000,0x0000000783900000)
  from space 42496K, 98% used [0x0000000786380000,0x0000000788c3fd88,0x0000000788d00000)
  to   space 43008K, 0% used [0x0000000783900000,0x0000000783900000,0x0000000786300000)
 ParOldGen       total 196608K, used 119093K [0x00000006c2800000, 0x00000006ce800000, 0x000000076b800000)
  object space 196608K, 60% used [0x00000006c2800000,0x00000006c9c4d5c8,0x00000006ce800000)
 Metaspace       used 36804K, capacity 37858K, committed 38064K, reserved 1083392K
  class space    used 4061K, capacity 4389K, committed 4528K, reserved 1048576K
Event: 44.272 GC heap after
Heap after GC invocations=23 (full 2):
 PSYoungGen      total 437248K, used 40168K [0x000000076b800000, 0x0000000788d00000, 0x00000007c0000000)
  eden space 394240K, 0% used [0x000000076b800000,0x000000076b800000,0x0000000783900000)
  from space 43008K, 93% used [0x0000000783900000,0x000000078603a3a0,0x0000000786300000)
  to   space 42496K, 0% used [0x0000000786380000,0x0000000786380000,0x0000000788d00000)
 ParOldGen       total 196608K, used 119101K [0x00000006c2800000, 0x00000006ce800000, 0x000000076b800000)
  object space 196608K, 60% used [0x00000006c2800000,0x00000006c9c4f5c8,0x00000006ce800000)
 Metaspace       used 36804K, capacity 37858K, committed 38064K, reserved 1083392K
  class space    used 4061K, capacity 4389K, committed 4528K, reserved 1048576K
}
Event: 47.839 GC heap before
{Heap before GC invocations=24 (full 2):
 PSYoungGen      total 437248K, used 434408K [0x000000076b800000, 0x0000000788d00000, 0x00000007c0000000)
  eden space 394240K, 100% used [0x000000076b800000,0x0000000783900000,0x0000000783900000)
  from space 43008K, 93% used [0x0000000783900000,0x000000078603a3a0,0x0000000786300000)
  to   space 42496K, 0% used [0x0000000786380000,0x0000000786380000,0x0000000788d00000)
 ParOldGen       total 196608K, used 119101K [0x00000006c2800000, 0x00000006ce800000, 0x000000076b800000)
  object space 196608K, 60% used [0x00000006c2800000,0x00000006c9c4f5c8,0x00000006ce800000)
 Metaspace       used 36844K, capacity 37866K, committed 38064K, reserved 1083392K
  class space    used 4065K, capacity 4392K, committed 4528K, reserved 1048576K
Event: 47.889 GC heap after
Heap after GC invocations=24 (full 2):
 PSYoungGen      total 436736K, used 36497K [0x000000076b800000, 0x0000000788d00000, 0x00000007c0000000)
  eden space 394240K, 0% used [0x000000076b800000,0x000000076b800000,0x0000000783900000)
  from space 42496K, 85% used [0x0000000786380000,0x0000000788724430,0x0000000788d00000)
  to   space 43008K, 0% used [0x0000000783900000,0x0000000783900000,0x0000000786300000)
 ParOldGen       total 196608K, used 136870K [0x00000006c2800000, 0x00000006ce800000, 0x000000076b800000)
  object space 196608K, 69% used [0x00000006c2800000,0x00000006cada98c0,0x00000006ce800000)
 Metaspace       used 36844K, capacity 37866K, committed 38064K, reserved 1083392K
  class space    used 4065K, capacity 4392K, committed 4528K, reserved 1048576K
}

