# JRE version: Java(TM) SE Runtime Environment (8.0_181-b13) (build 1.8.0_181-b13)
# Java VM: Java HotSpot(TM) 64-Bit Server VM (25.181-b13 mixed mode windows-amd64 compressed oops)
Heap:
 PSYoungGen      total 224768K, used 203618K [0x000000076bb80000, 0x000000077bb80000, 0x00000007c0000000)
  eden space 200704K, 89% used [0x000000076bb80000,0x0000000776adecf8,0x0000000777f80000)
  from space 24064K, 99% used [0x0000000779b80000,0x000000077b2f9e78,0x000000077b300000)
  to   space 28672K, 0% used [0x0000000777f80000,0x0000000777f80000,0x0000000779b80000)
 ParOldGen       total 130048K, used 23050K [0x00000006c3200000, 0x00000006cb100000, 0x000000076bb80000)
  object space 130048K, 17% used [0x00000006c3200000,0x00000006c4882af0,0x00000006cb100000)
 Metaspace       used 31218K, capacity 32088K, committed 32128K, reserved 1077248K
  class space    used 3727K, capacity 3967K, committed 3968K, reserved 1048576K
GC Heap History (10 events):
Event: 6.092 GC heap before
{Heap before GC invocations=5 (full 1):
 PSYoungGen      total 140800K, used 10744K [0x000000076bb80000, 0x0000000774f80000, 0x00000007c0000000)
  eden space 130048K, 0% used [0x000000076bb80000,0x000000076bb80000,0x0000000773a80000)
  from space 10752K, 99% used [0x0000000774500000,0x0000000774f7e030,0x0000000774f80000)
  to   space 10752K, 0% used [0x0000000773a80000,0x0000000773a80000,0x0000000774500000)
 ParOldGen       total 173568K, used 6450K [0x00000006c3200000, 0x00000006cdb80000, 0x000000076bb80000)
  object space 173568K, 3% used [0x00000006c3200000,0x00000006c384cb88,0x00000006cdb80000)
 Metaspace       used 20666K, capacity 21088K, committed 21248K, reserved 1067008K
  class space    used 2563K, capacity 2704K, committed 2816K, reserved 1048576K
Event: 6.292 GC heap after
Heap after GC invocations=5 (full 1):
 PSYoungGen      total 140800K, used 0K [0x000000076bb80000, 0x0000000774f80000, 0x00000007c0000000)
  eden space 130048K, 0% used [0x000000076bb80000,0x000000076bb80000,0x0000000773a80000)
  from space 10752K, 0% used [0x0000000774500000,0x0000000774500000,0x0000000774f80000)
  to   space 10752K, 0% used [0x0000000773a80000,0x0000000773a80000,0x0000000774500000)
 ParOldGen       total 130048K, used 15242K [0x00000006c3200000, 0x00000006cb100000, 0x000000076bb80000)
  object space 130048K, 11% used [0x00000006c3200000,0x00000006c40e2af0,0x00000006cb100000)
 Metaspace       used 20666K, capacity 21088K, committed 21248K, reserved 1067008K
  class space    used 2563K, capacity 2704K, committed 2816K, reserved 1048576K
}
Event: 9.593 GC heap before
{Heap before GC invocations=6 (full 1):
 PSYoungGen      total 140800K, used 130048K [0x000000076bb80000, 0x0000000774f80000, 0x00000007c0000000)
  eden space 130048K, 100% used [0x000000076bb80000,0x0000000773a80000,0x0000000773a80000)
  from space 10752K, 0% used [0x0000000774500000,0x0000000774500000,0x0000000774f80000)
  to   space 10752K, 0% used [0x0000000773a80000,0x0000000773a80000,0x0000000774500000)
 ParOldGen       total 130048K, used 15242K [0x00000006c3200000, 0x00000006cb100000, 0x000000076bb80000)
  object space 130048K, 11% used [0x00000006c3200000,0x00000006c40e2af0,0x00000006cb100000)
 Metaspace       used 22294K, capacity 22828K, committed 23168K, reserved 1069056K
  class space    used 2670K, capacity 2825K, committed 2944K, reserved 1048576K
Event: 9.614 GC heap after
Heap after GC invocations=6 (full 1):
 PSYoungGen      total 140800K, used 8874K [0x000000076bb80000, 0x0000000777e80000, 0x00000007c0000000)
  eden space 130048K, 0% used [0x000000076bb80000,0x000000076bb80000,0x0000000773a80000)
  from space 10752K, 82% used [0x0000000773a80000,0x000000077432a948,0x0000000774500000)
  to   space 16384K, 0% used [0x0000000776e80000,0x0000000776e80000,0x0000000777e80000)
 ParOldGen       total 130048K, used 15250K [0x00000006c3200000, 0x00000006cb100000, 0x000000076bb80000)
  object space 130048K, 11% used [0x00000006c3200000,0x00000006c40e4af0,0x00000006cb100000)
 Metaspace       used 22294K, capacity 22828K, committed 23168K, reserved 1069056K
  class space    used 2670K, capacity 2825K, committed 2944K, reserved 1048576K
}
Event: 13.160 GC heap before
{Heap before GC invocations=7 (full 1):
 PSYoungGen      total 140800K, used 138922K [0x000000076bb80000, 0x0000000777e80000, 0x00000007c0000000)
  eden space 130048K, 100% used [0x000000076bb80000,0x0000000773a80000,0x0000000773a80000)
  from space 10752K, 82% used [0x0000000773a80000,0x000000077432a948,0x0000000774500000)
  to   space 16384K, 0% used [0x0000000776e80000,0x0000000776e80000,0x0000000777e80000)
 ParOldGen       total 130048K, used 15250K [0x00000006c3200000, 0x00000006cb100000, 0x000000076bb80000)
  object space 130048K, 11% used [0x00000006c3200000,0x00000006c40e4af0,0x00000006cb100000)
 Metaspace       used 23920K, capacity 24584K, committed 24832K, reserved 1071104K
  class space    used 2876K, capacity 3067K, committed 3072K, reserved 1048576K
Event: 13.188 GC heap after
Heap after GC invocations=7 (full 1):
 PSYoungGen      total 180736K, used 16360K [0x000000076bb80000, 0x0000000778100000, 0x00000007c0000000)
  eden space 164352K, 0% used [0x000000076bb80000,0x000000076bb80000,0x0000000775c00000)
  from space 16384K, 99% used [0x0000000776e80000,0x0000000777e7a280,0x0000000777e80000)
  to   space 18944K, 0% used [0x0000000775c00000,0x0000000775c00000,0x0000000776e80000)
 ParOldGen       total 130048K, used 15863K [0x00000006c3200000, 0x00000006cb100000, 0x000000076bb80000)
  object space 130048K, 12% used [0x00000006c3200000,0x00000006c417dfd0,0x00000006cb100000)
 Metaspace       used 23920K, capacity 24584K, committed 24832K, reserved 1071104K
  class space    used 2876K, capacity 3067K, committed 3072K, reserved 1048576K
}
Event: 16.008 GC heap before
{Heap before GC invocations=8 (full 1):
 PSYoungGen      total 180736K, used 180712K [0x000000076bb80000, 0x0000000778100000, 0x00000007c0000000)
  eden space 164352K, 100% used [0x000000076bb80000,0x0000000775c00000,0x0000000775c00000)
  from space 16384K, 99% used [0x0000000776e80000,0x0000000777e7a280,0x0000000777e80000)
  to   space 18944K, 0% used [0x0000000775c00000,0x0000000775c00000,0x0000000776e80000)
 ParOldGen       total 130048K, used 15863K [0x00000006c3200000, 0x00000006cb100000, 0x000000076bb80000)
  object space 130048K, 12% used [0x00000006c3200000,0x00000006c417dfd0,0x00000006cb100000)
 Metaspace       used 25386K, capacity 26154K, committed 26368K, reserved 1073152K
  class space    used 3077K, capacity 3310K, committed 3328K, reserved 1048576K
Event: 16.033 GC heap after
Heap after GC invocations=8 (full 1):
 PSYoungGen      total 183296K, used 18944K [0x000000076bb80000, 0x000000077b300000, 0x00000007c0000000)
  eden space 164352K, 0% used [0x000000076bb80000,0x000000076bb80000,0x0000000775c00000)
  from space 18944K, 100% used [0x0000000775c00000,0x0000000776e80000,0x0000000776e80000)
  to   space 24064K, 0% used [0x0000000779b80000,0x0000000779b80000,0x000000077b300000)
 ParOldGen       total 130048K, used 20859K [0x00000006c3200000, 0x00000006cb100000, 0x000000076bb80000)
  object space 130048K, 16% used [0x00000006c3200000,0x00000006c465efa0,0x00000006cb100000)
 Metaspace       used 25386K, capacity 26154K, committed 26368K, reserved 1073152K
  class space    used 3077K, capacity 3310K, committed 3328K, reserved 1048576K
}
Event: 19.604 GC heap before
{Heap before GC invocations=9 (full 1):
 PSYoungGen      total 183296K, used 183296K [0x000000076bb80000, 0x000000077b300000, 0x00000007c0000000)
  eden space 164352K, 100% used [0x000000076bb80000,0x0000000775c00000,0x0000000775c00000)
  from space 18944K, 100% used [0x0000000775c00000,0x0000000776e80000,0x0000000776e80000)
  to   space 24064K, 0% used [0x0000000779b80000,0x0000000779b80000,0x000000077b300000)
 ParOldGen       total 130048K, used 20859K [0x00000006c3200000, 0x00000006cb100000, 0x000000076bb80000)
  object space 130048K, 16% used [0x00000006c3200000,0x00000006c465efa0,0x00000006cb100000)
 Metaspace       used 29873K, capacity 30680K, committed 30848K, reserved 1077248K
  class space    used 3669K, capacity 3903K, committed 3968K, reserved 1048576K
Event: 19.642 GC heap after
Heap after GC invocations=9 (full 1):
 PSYoungGen      total 224768K, used 24039K [0x000000076bb80000, 0x000000077bb80000, 0x00000007c0000000)
  eden space 200704K, 0% used [0x000000076bb80000,0x000000076bb80000,0x0000000777f80000)
  from space 24064K, 99% used [0x0000000779b80000,0x000000077b2f9e78,0x000000077b300000)
  to   space 28672K, 0% used [0x0000000777f80000,0x0000000777f80000,0x0000000779b80000)
 ParOldGen       total 130048K, used 23050K [0x00000006c3200000, 0x00000006cb100000, 0x000000076bb80000)
  object space 130048K, 17% used [0x00000006c3200000,0x00000006c4882af0,0x00000006cb100000)
 Metaspace       used 29873K, capacity 30680K, committed 30848K, reserved 1077248K
  class space    used 3669K, capacity 3903K, committed 3968K, reserved 1048576K
}

