# JRE version: Java(TM) SE Runtime Environment (8.0_181-b13) (build 1.8.0_181-b13)
# Java VM: Java HotSpot(TM) 64-Bit Server VM (25.181-b13 mixed mode windows-amd64 compressed oops)
Heap:
 PSYoungGen      total 716800K, used 365723K [0x000000076bb80000, 0x000000079a600000, 0x00000007c0000000)
  eden space 670720K, 54% used [0x000000076bb80000,0x00000007820a6f08,0x0000000794a80000)
  from space 46080K, 0% used [0x0000000797680000,0x0000000797680000,0x000000079a380000)
  to   space 45056K, 0% used [0x0000000794a80000,0x0000000794a80000,0x0000000797680000)
 ParOldGen       total 138240K, used 134829K [0x00000006c3200000, 0x00000006cb900000, 0x000000076bb80000)
  object space 138240K, 97% used [0x00000006c3200000,0x00000006cb5ab790,0x00000006cb900000)
 Metaspace       used 25950K, capacity 26614K, committed 26880K, reserved 1073152K
  class space    used 2890K, capacity 3023K, committed 3072K, reserved 1048576K
GC Heap History (10 events):
Event: 27.235 GC heap before
{Heap before GC invocations=10 (full 1):
 PSYoungGen      total 424960K, used 414918K [0x000000076bb80000, 0x0000000788580000, 0x00000007c0000000)
  eden space 385024K, 100% used [0x000000076bb80000,0x0000000783380000,0x0000000783380000)
  from space 39936K, 74% used [0x0000000785e80000,0x0000000787bb1ae0,0x0000000788580000)
  to   space 41984K, 0% used [0x0000000783380000,0x0000000783380000,0x0000000785c80000)
 ParOldGen       total 138240K, used 60409K [0x00000006c3200000, 0x00000006cb900000, 0x000000076bb80000)
  object space 138240K, 43% used [0x00000006c3200000,0x00000006c6cfe478,0x00000006cb900000)
 Metaspace       used 25765K, capacity 26402K, committed 26624K, reserved 1073152K
  class space    used 2871K, capacity 3018K, committed 3072K, reserved 1048576K
Event: 27.281 GC heap after
Heap after GC invocations=10 (full 1):
 PSYoungGen      total 427008K, used 41958K [0x000000076bb80000, 0x0000000790080000, 0x00000007c0000000)
  eden space 385024K, 0% used [0x000000076bb80000,0x000000076bb80000,0x0000000783380000)
  from space 41984K, 99% used [0x0000000783380000,0x0000000785c79950,0x0000000785c80000)
  to   space 48128K, 0% used [0x000000078d180000,0x000000078d180000,0x0000000790080000)
 ParOldGen       total 138240K, used 60826K [0x00000006c3200000, 0x00000006cb900000, 0x000000076bb80000)
  object space 138240K, 44% used [0x00000006c3200000,0x00000006c6d66930,0x00000006cb900000)
 Metaspace       used 25765K, capacity 26402K, committed 26624K, reserved 1073152K
  class space    used 2871K, capacity 3018K, committed 3072K, reserved 1048576K
}
Event: 28.425 GC heap before
{Heap before GC invocations=11 (full 1):
 PSYoungGen      total 427008K, used 426982K [0x000000076bb80000, 0x0000000790080000, 0x00000007c0000000)
  eden space 385024K, 100% used [0x000000076bb80000,0x0000000783380000,0x0000000783380000)
  from space 41984K, 99% used [0x0000000783380000,0x0000000785c79950,0x0000000785c80000)
  to   space 48128K, 0% used [0x000000078d180000,0x000000078d180000,0x0000000790080000)
 ParOldGen       total 138240K, used 60826K [0x00000006c3200000, 0x00000006cb900000, 0x000000076bb80000)
  object space 138240K, 44% used [0x00000006c3200000,0x00000006c6d66930,0x00000006cb900000)
 Metaspace       used 25797K, capacity 26408K, committed 26624K, reserved 1073152K
  class space    used 2872K, capacity 3019K, committed 3072K, reserved 1048576K
Event: 28.473 GC heap after
Heap after GC invocations=11 (full 1):
 PSYoungGen      total 547328K, used 28801K [0x000000076bb80000, 0x0000000790d00000, 0x00000007c0000000)
  eden space 499200K, 0% used [0x000000076bb80000,0x000000076bb80000,0x000000078a300000)
  from space 48128K, 59% used [0x000000078d180000,0x000000078eda0580,0x0000000790080000)
  to   space 47616K, 0% used [0x000000078a300000,0x000000078a300000,0x000000078d180000)
 ParOldGen       total 138240K, used 83420K [0x00000006c3200000, 0x00000006cb900000, 0x000000076bb80000)
  object space 138240K, 60% used [0x00000006c3200000,0x00000006c83770a0,0x00000006cb900000)
 Metaspace       used 25797K, capacity 26408K, committed 26624K, reserved 1073152K
  class space    used 2872K, capacity 3019K, committed 3072K, reserved 1048576K
}
Event: 29.951 GC heap before
{Heap before GC invocations=12 (full 1):
 PSYoungGen      total 547328K, used 528001K [0x000000076bb80000, 0x0000000790d00000, 0x00000007c0000000)
  eden space 499200K, 100% used [0x000000076bb80000,0x000000078a300000,0x000000078a300000)
  from space 48128K, 59% used [0x000000078d180000,0x000000078eda0580,0x0000000790080000)
  to   space 47616K, 0% used [0x000000078a300000,0x000000078a300000,0x000000078d180000)
 ParOldGen       total 138240K, used 83420K [0x00000006c3200000, 0x00000006cb900000, 0x000000076bb80000)
  object space 138240K, 60% used [0x00000006c3200000,0x00000006c83770a0,0x00000006cb900000)
 Metaspace       used 25835K, capacity 26478K, committed 26624K, reserved 1073152K
  class space    used 2875K, capacity 3020K, committed 3072K, reserved 1048576K
Event: 30.002 GC heap after
Heap after GC invocations=12 (full 1):
 PSYoungGen      total 546816K, used 21984K [0x000000076bb80000, 0x000000079a380000, 0x00000007c0000000)
  eden space 499200K, 0% used [0x000000076bb80000,0x000000076bb80000,0x000000078a300000)
  from space 47616K, 46% used [0x000000078a300000,0x000000078b8783b0,0x000000078d180000)
  to   space 46080K, 0% used [0x0000000797680000,0x0000000797680000,0x000000079a380000)
 ParOldGen       total 138240K, used 102420K [0x00000006c3200000, 0x00000006cb900000, 0x000000076bb80000)
  object space 138240K, 74% used [0x00000006c3200000,0x00000006c9605150,0x00000006cb900000)
 Metaspace       used 25835K, capacity 26478K, committed 26624K, reserved 1073152K
  class space    used 2875K, capacity 3020K, committed 3072K, reserved 1048576K
}
Event: 31.357 GC heap before
{Heap before GC invocations=13 (full 1):
 PSYoungGen      total 546816K, used 521184K [0x000000076bb80000, 0x000000079a380000, 0x00000007c0000000)
  eden space 499200K, 100% used [0x000000076bb80000,0x000000078a300000,0x000000078a300000)
  from space 47616K, 46% used [0x000000078a300000,0x000000078b8783b0,0x000000078d180000)
  to   space 46080K, 0% used [0x0000000797680000,0x0000000797680000,0x000000079a380000)
 ParOldGen       total 138240K, used 102420K [0x00000006c3200000, 0x00000006cb900000, 0x000000076bb80000)
  object space 138240K, 74% used [0x00000006c3200000,0x00000006c9605150,0x00000006cb900000)
 Metaspace       used 25892K, capacity 26484K, committed 26624K, reserved 1073152K
  class space    used 2879K, capacity 3021K, committed 3072K, reserved 1048576K
Event: 31.403 GC heap after
Heap after GC invocations=13 (full 1):
 PSYoungGen      total 716800K, used 14384K [0x000000076bb80000, 0x000000079a600000, 0x00000007c0000000)
  eden space 670720K, 0% used [0x000000076bb80000,0x000000076bb80000,0x0000000794a80000)
  from space 46080K, 31% used [0x0000000797680000,0x000000079848c140,0x000000079a380000)
  to   space 45056K, 0% used [0x0000000794a80000,0x0000000794a80000,0x0000000797680000)
 ParOldGen       total 138240K, used 123244K [0x00000006c3200000, 0x00000006cb900000, 0x000000076bb80000)
  object space 138240K, 89% used [0x00000006c3200000,0x00000006caa5b000,0x00000006cb900000)
 Metaspace       used 25892K, capacity 26484K, committed 26624K, reserved 1073152K
  class space    used 2879K, capacity 3021K, committed 3072K, reserved 1048576K
}
Event: 31.403 GC heap before
{Heap before GC invocations=14 (full 2):
 PSYoungGen      total 716800K, used 14384K [0x000000076bb80000, 0x000000079a600000, 0x00000007c0000000)
  eden space 670720K, 0% used [0x000000076bb80000,0x000000076bb80000,0x0000000794a80000)
  from space 46080K, 31% used [0x0000000797680000,0x000000079848c140,0x000000079a380000)
  to   space 45056K, 0% used [0x0000000794a80000,0x0000000794a80000,0x0000000797680000)
 ParOldGen       total 138240K, used 123244K [0x00000006c3200000, 0x00000006cb900000, 0x000000076bb80000)
  object space 138240K, 89% used [0x00000006c3200000,0x00000006caa5b000,0x00000006cb900000)
 Metaspace       used 25892K, capacity 26484K, committed 26624K, reserved 1073152K
  class space    used 2879K, capacity 3021K, committed 3072K, reserved 1048576K
Event: 32.469 GC heap after
Heap after GC invocations=14 (full 2):
 PSYoungGen      total 716800K, used 0K [0x000000076bb80000, 0x000000079a600000, 0x00000007c0000000)
  eden space 670720K, 0% used [0x000000076bb80000,0x000000076bb80000,0x0000000794a80000)
  from space 46080K, 0% used [0x0000000797680000,0x0000000797680000,0x000000079a380000)
  to   space 45056K, 0% used [0x0000000794a80000,0x0000000794a80000,0x0000000797680000)
 ParOldGen       total 138240K, used 134829K [0x00000006c3200000, 0x00000006cb900000, 0x000000076bb80000)
  object space 138240K, 97% used [0x00000006c3200000,0x00000006cb5ab790,0x00000006cb900000)
 Metaspace       used 25892K, capacity 26484K, committed 26624K, reserved 1073152K
  class space    used 2879K, capacity 3021K, committed 3072K, reserved 1048576K
}

