# JRE version: Java(TM) SE Runtime Environment (8.0_181-b13) (build 1.8.0_181-b13)
# Java VM: Java HotSpot(TM) 64-Bit Server VM (25.181-b13 mixed mode windows-amd64 compressed oops)
Heap:
 PSYoungGen      total 162816K, used 20583K [0x000000076bb80000, 0x000000077a680000, 0x00000007c0000000)
  eden space 130560K, 9% used [0x000000076bb80000,0x000000076c821c08,0x0000000773b00000)
  from space 32256K, 23% used [0x0000000773b00000,0x0000000774278280,0x0000000775a80000)
  to   space 32768K, 0% used [0x0000000778680000,0x0000000778680000,0x000000077a680000)
 ParOldGen       total 136192K, used 75657K [0x00000006c3200000, 0x00000006cb700000, 0x000000076bb80000)
  object space 136192K, 55% used [0x00000006c3200000,0x00000006c7be2608,0x00000006cb700000)
 Metaspace       used 25422K, capacity 26104K, committed 26368K, reserved 1073152K
  class space    used 2843K, capacity 3001K, committed 3072K, reserved 1048576K
GC Heap History (10 events):
Event: 11.758 GC heap before
{Heap before GC invocations=8 (full 1):
 PSYoungGen      total 83456K, used 8658K [0x000000076bb80000, 0x0000000776080000, 0x00000007c0000000)
  eden space 64512K, 0% used [0x000000076bb80000,0x000000076bb80000,0x000000076fa80000)
  from space 18944K, 45% used [0x000000076fa80000,0x00000007702f48c8,0x0000000770d00000)
  to   space 19968K, 0% used [0x0000000774d00000,0x0000000774d00000,0x0000000776080000)
 ParOldGen       total 173568K, used 24789K [0x00000006c3200000, 0x00000006cdb80000, 0x000000076bb80000)
  object space 173568K, 14% used [0x00000006c3200000,0x00000006c4a357d0,0x00000006cdb80000)
 Metaspace       used 20742K, capacity 21202K, committed 21248K, reserved 1069056K
  class space    used 2408K, capacity 2558K, committed 2560K, reserved 1048576K
Event: 11.923 GC heap after
Heap after GC invocations=8 (full 1):
 PSYoungGen      total 83456K, used 0K [0x000000076bb80000, 0x0000000776080000, 0x00000007c0000000)
  eden space 64512K, 0% used [0x000000076bb80000,0x000000076bb80000,0x000000076fa80000)
  from space 18944K, 0% used [0x000000076fa80000,0x000000076fa80000,0x0000000770d00000)
  to   space 19968K, 0% used [0x0000000774d00000,0x0000000774d00000,0x0000000776080000)
 ParOldGen       total 136192K, used 29384K [0x00000006c3200000, 0x00000006cb700000, 0x000000076bb80000)
  object space 136192K, 21% used [0x00000006c3200000,0x00000006c4eb2228,0x00000006cb700000)
 Metaspace       used 20742K, capacity 21202K, committed 21248K, reserved 1069056K
  class space    used 2408K, capacity 2558K, committed 2560K, reserved 1048576K
}
Event: 12.981 GC heap before
{Heap before GC invocations=9 (full 1):
 PSYoungGen      total 83456K, used 64512K [0x000000076bb80000, 0x0000000776080000, 0x00000007c0000000)
  eden space 64512K, 100% used [0x000000076bb80000,0x000000076fa80000,0x000000076fa80000)
  from space 18944K, 0% used [0x000000076fa80000,0x000000076fa80000,0x0000000770d00000)
  to   space 19968K, 0% used [0x0000000774d00000,0x0000000774d00000,0x0000000776080000)
 ParOldGen       total 136192K, used 29384K [0x00000006c3200000, 0x00000006cb700000, 0x000000076bb80000)
  object space 136192K, 21% used [0x00000006c3200000,0x00000006c4eb2228,0x00000006cb700000)
 Metaspace       used 22808K, capacity 23314K, committed 23552K, reserved 1071104K
  class space    used 2614K, capacity 2750K, committed 2816K, reserved 1048576K
Event: 13.005 GC heap after
Heap after GC invocations=9 (full 1):
 PSYoungGen      total 118784K, used 19649K [0x000000076bb80000, 0x0000000776080000, 0x00000007c0000000)
  eden space 98816K, 0% used [0x000000076bb80000,0x000000076bb80000,0x0000000771c00000)
  from space 19968K, 98% used [0x0000000774d00000,0x0000000776030478,0x0000000776080000)
  to   space 21504K, 0% used [0x0000000773680000,0x0000000773680000,0x0000000774b80000)
 ParOldGen       total 136192K, used 29411K [0x00000006c3200000, 0x00000006cb700000, 0x000000076bb80000)
  object space 136192K, 21% used [0x00000006c3200000,0x00000006c4eb8e78,0x00000006cb700000)
 Metaspace       used 22808K, capacity 23314K, committed 23552K, reserved 1071104K
  class space    used 2614K, capacity 2750K, committed 2816K, reserved 1048576K
}
Event: 14.284 GC heap before
{Heap before GC invocations=10 (full 1):
 PSYoungGen      total 118784K, used 118465K [0x000000076bb80000, 0x0000000776080000, 0x00000007c0000000)
  eden space 98816K, 100% used [0x000000076bb80000,0x0000000771c00000,0x0000000771c00000)
  from space 19968K, 98% used [0x0000000774d00000,0x0000000776030478,0x0000000776080000)
  to   space 21504K, 0% used [0x0000000773680000,0x0000000773680000,0x0000000774b80000)
 ParOldGen       total 136192K, used 29411K [0x00000006c3200000, 0x00000006cb700000, 0x000000076bb80000)
  object space 136192K, 21% used [0x00000006c3200000,0x00000006c4eb8e78,0x00000006cb700000)
 Metaspace       used 23413K, capacity 23922K, committed 24064K, reserved 1071104K
  class space    used 2632K, capacity 2782K, committed 2816K, reserved 1048576K
Event: 14.309 GC heap after
Heap after GC invocations=10 (full 1):
 PSYoungGen      total 147456K, used 21498K [0x000000076bb80000, 0x0000000777980000, 0x00000007c0000000)
  eden space 125952K, 0% used [0x000000076bb80000,0x000000076bb80000,0x0000000773680000)
  from space 21504K, 99% used [0x0000000773680000,0x0000000774b7ea20,0x0000000774b80000)
  to   space 31744K, 0% used [0x0000000775a80000,0x0000000775a80000,0x0000000777980000)
 ParOldGen       total 136192K, used 49750K [0x00000006c3200000, 0x00000006cb700000, 0x000000076bb80000)
  object space 136192K, 36% used [0x00000006c3200000,0x00000006c62959f8,0x00000006cb700000)
 Metaspace       used 23413K, capacity 23922K, committed 24064K, reserved 1071104K
  class space    used 2632K, capacity 2782K, committed 2816K, reserved 1048576K
}
Event: 15.857 GC heap before
{Heap before GC invocations=11 (full 1):
 PSYoungGen      total 147456K, used 147450K [0x000000076bb80000, 0x0000000777980000, 0x00000007c0000000)
  eden space 125952K, 100% used [0x000000076bb80000,0x0000000773680000,0x0000000773680000)
  from space 21504K, 99% used [0x0000000773680000,0x0000000774b7ea20,0x0000000774b80000)
  to   space 31744K, 0% used [0x0000000775a80000,0x0000000775a80000,0x0000000777980000)
 ParOldGen       total 136192K, used 49750K [0x00000006c3200000, 0x00000006cb700000, 0x000000076bb80000)
  object space 136192K, 36% used [0x00000006c3200000,0x00000006c62959f8,0x00000006cb700000)
 Metaspace       used 25022K, capacity 25546K, committed 25856K, reserved 1073152K
  class space    used 2801K, capacity 2956K, committed 3072K, reserved 1048576K
Event: 15.884 GC heap after
Heap after GC invocations=11 (full 1):
 PSYoungGen      total 162304K, used 21875K [0x000000076bb80000, 0x0000000779e00000, 0x00000007c0000000)
  eden space 130560K, 0% used [0x000000076bb80000,0x000000076bb80000,0x0000000773b00000)
  from space 31744K, 68% used [0x0000000775a80000,0x0000000776fdcd70,0x0000000777980000)
  to   space 32256K, 0% used [0x0000000773b00000,0x0000000773b00000,0x0000000775a80000)
 ParOldGen       total 136192K, used 56867K [0x00000006c3200000, 0x00000006cb700000, 0x000000076bb80000)
  object space 136192K, 41% used [0x00000006c3200000,0x00000006c6988d70,0x00000006cb700000)
 Metaspace       used 25022K, capacity 25546K, committed 25856K, reserved 1073152K
  class space    used 2801K, capacity 2956K, committed 3072K, reserved 1048576K
}
Event: 17.279 GC heap before
{Heap before GC invocations=12 (full 1):
 PSYoungGen      total 162304K, used 152435K [0x000000076bb80000, 0x0000000779e00000, 0x00000007c0000000)
  eden space 130560K, 100% used [0x000000076bb80000,0x0000000773b00000,0x0000000773b00000)
  from space 31744K, 68% used [0x0000000775a80000,0x0000000776fdcd70,0x0000000777980000)
  to   space 32256K, 0% used [0x0000000773b00000,0x0000000773b00000,0x0000000775a80000)
 ParOldGen       total 136192K, used 56867K [0x00000006c3200000, 0x00000006cb700000, 0x000000076bb80000)
  object space 136192K, 41% used [0x00000006c3200000,0x00000006c6988d70,0x00000006cb700000)
 Metaspace       used 25174K, capacity 25802K, committed 26112K, reserved 1073152K
  class space    used 2810K, capacity 2956K, committed 3072K, reserved 1048576K
Event: 17.312 GC heap after
Heap after GC invocations=12 (full 1):
 PSYoungGen      total 162816K, used 7648K [0x000000076bb80000, 0x000000077a680000, 0x00000007c0000000)
  eden space 130560K, 0% used [0x000000076bb80000,0x000000076bb80000,0x0000000773b00000)
  from space 32256K, 23% used [0x0000000773b00000,0x0000000774278280,0x0000000775a80000)
  to   space 32768K, 0% used [0x0000000778680000,0x0000000778680000,0x000000077a680000)
 ParOldGen       total 136192K, used 75657K [0x00000006c3200000, 0x00000006cb700000, 0x000000076bb80000)
  object space 136192K, 55% used [0x00000006c3200000,0x00000006c7be2608,0x00000006cb700000)
 Metaspace       used 25174K, capacity 25802K, committed 26112K, reserved 1073152K
  class space    used 2810K, capacity 2956K, committed 3072K, reserved 1048576K
}

