# JRE version: Java(TM) SE Runtime Environment (8.0_181-b13) (build 1.8.0_181-b13)
# Java VM: Java HotSpot(TM) 64-Bit Server VM (25.181-b13 mixed mode windows-amd64 compressed oops)
Heap:
 PSYoungGen      total 269312K, used 48553K [0x000000076bb80000, 0x000000077fd80000, 0x00000007c0000000)
  eden space 239616K, 7% used [0x000000076bb80000,0x000000076cdf0400,0x000000077a580000)
  from space 29696K, 99% used [0x000000077a580000,0x000000077c27a360,0x000000077c280000)
  to   space 35328K, 0% used [0x000000077db00000,0x000000077db00000,0x000000077fd80000)
 ParOldGen       total 136192K, used 52597K [0x00000006c3200000, 0x00000006cb700000, 0x000000076bb80000)
  object space 136192K, 38% used [0x00000006c3200000,0x00000006c655d598,0x00000006cb700000)
 Metaspace       used 25070K, capacity 25674K, committed 25856K, reserved 1073152K
  class space    used 2803K, capacity 2956K, committed 3072K, reserved 1048576K
GC Heap History (10 events):
Event: 11.522 GC heap before
{Heap before GC invocations=6 (full 0):
 PSYoungGen      total 75776K, used 75768K [0x000000076bb80000, 0x0000000776180000, 0x00000007c0000000)
  eden space 65024K, 100% used [0x000000076bb80000,0x000000076fb00000,0x000000076fb00000)
  from space 10752K, 99% used [0x000000076fb00000,0x000000077057e050,0x0000000770580000)
  to   space 19968K, 0% used [0x0000000774e00000,0x0000000774e00000,0x0000000776180000)
 ParOldGen       total 173568K, used 18606K [0x00000006c3200000, 0x00000006cdb80000, 0x000000076bb80000)
  object space 173568K, 10% used [0x00000006c3200000,0x00000006c442b818,0x00000006cdb80000)
 Metaspace       used 18321K, capacity 18846K, committed 19200K, reserved 1067008K
  class space    used 2066K, capacity 2198K, committed 2304K, reserved 1048576K
Event: 11.541 GC heap after
Heap after GC invocations=6 (full 0):
 PSYoungGen      total 148992K, used 14583K [0x000000076bb80000, 0x0000000776080000, 0x00000007c0000000)
  eden space 130048K, 0% used [0x000000076bb80000,0x000000076bb80000,0x0000000773a80000)
  from space 18944K, 76% used [0x0000000774e00000,0x0000000775c3de78,0x0000000776080000)
  to   space 19456K, 0% used [0x0000000773a80000,0x0000000773a80000,0x0000000774d80000)
 ParOldGen       total 173568K, used 18606K [0x00000006c3200000, 0x00000006cdb80000, 0x000000076bb80000)
  object space 173568K, 10% used [0x00000006c3200000,0x00000006c442b818,0x00000006cdb80000)
 Metaspace       used 18321K, capacity 18846K, committed 19200K, reserved 1067008K
  class space    used 2066K, capacity 2198K, committed 2304K, reserved 1048576K
}
Event: 12.238 GC heap before
{Heap before GC invocations=7 (full 0):
 PSYoungGen      total 148992K, used 61259K [0x000000076bb80000, 0x0000000776080000, 0x00000007c0000000)
  eden space 130048K, 35% used [0x000000076bb80000,0x000000076e915000,0x0000000773a80000)
  from space 18944K, 76% used [0x0000000774e00000,0x0000000775c3de78,0x0000000776080000)
  to   space 19456K, 0% used [0x0000000773a80000,0x0000000773a80000,0x0000000774d80000)
 ParOldGen       total 173568K, used 18606K [0x00000006c3200000, 0x00000006cdb80000, 0x000000076bb80000)
  object space 173568K, 10% used [0x00000006c3200000,0x00000006c442b818,0x00000006cdb80000)
 Metaspace       used 20650K, capacity 21170K, committed 21248K, reserved 1069056K
  class space    used 2383K, capacity 2526K, committed 2560K, reserved 1048576K
Event: 12.253 GC heap after
Heap after GC invocations=7 (full 0):
 PSYoungGen      total 149504K, used 9902K [0x000000076bb80000, 0x000000077df80000, 0x00000007c0000000)
  eden space 130048K, 0% used [0x000000076bb80000,0x000000076bb80000,0x0000000773a80000)
  from space 19456K, 50% used [0x0000000773a80000,0x000000077442b848,0x0000000774d80000)
  to   space 19456K, 0% used [0x000000077cc80000,0x000000077cc80000,0x000000077df80000)
 ParOldGen       total 173568K, used 23176K [0x00000006c3200000, 0x00000006cdb80000, 0x000000076bb80000)
  object space 173568K, 13% used [0x00000006c3200000,0x00000006c48a20e8,0x00000006cdb80000)
 Metaspace       used 20650K, capacity 21170K, committed 21248K, reserved 1069056K
  class space    used 2383K, capacity 2526K, committed 2560K, reserved 1048576K
}
Event: 12.253 GC heap before
{Heap before GC invocations=8 (full 1):
 PSYoungGen      total 149504K, used 9902K [0x000000076bb80000, 0x000000077df80000, 0x00000007c0000000)
  eden space 130048K, 0% used [0x000000076bb80000,0x000000076bb80000,0x0000000773a80000)
  from space 19456K, 50% used [0x0000000773a80000,0x000000077442b848,0x0000000774d80000)
  to   space 19456K, 0% used [0x000000077cc80000,0x000000077cc80000,0x000000077df80000)
 ParOldGen       total 173568K, used 23176K [0x00000006c3200000, 0x00000006cdb80000, 0x000000076bb80000)
  object space 173568K, 13% used [0x00000006c3200000,0x00000006c48a20e8,0x00000006cdb80000)
 Metaspace       used 20650K, capacity 21170K, committed 21248K, reserved 1069056K
  class space    used 2383K, capacity 2526K, committed 2560K, reserved 1048576K
Event: 12.440 GC heap after
Heap after GC invocations=8 (full 1):
 PSYoungGen      total 149504K, used 0K [0x000000076bb80000, 0x000000077df80000, 0x00000007c0000000)
  eden space 130048K, 0% used [0x000000076bb80000,0x000000076bb80000,0x0000000773a80000)
  from space 19456K, 0% used [0x0000000773a80000,0x0000000773a80000,0x0000000774d80000)
  to   space 19456K, 0% used [0x000000077cc80000,0x000000077cc80000,0x000000077df80000)
 ParOldGen       total 136192K, used 29361K [0x00000006c3200000, 0x00000006cb700000, 0x000000076bb80000)
  object space 136192K, 21% used [0x00000006c3200000,0x00000006c4eac778,0x00000006cb700000)
 Metaspace       used 20650K, capacity 21170K, committed 21248K, reserved 1069056K
  class space    used 2383K, capacity 2526K, committed 2560K, reserved 1048576K
}
Event: 14.403 GC heap before
{Heap before GC invocations=9 (full 1):
 PSYoungGen      total 149504K, used 130048K [0x000000076bb80000, 0x000000077df80000, 0x00000007c0000000)
  eden space 130048K, 100% used [0x000000076bb80000,0x0000000773a80000,0x0000000773a80000)
  from space 19456K, 0% used [0x0000000773a80000,0x0000000773a80000,0x0000000774d80000)
  to   space 19456K, 0% used [0x000000077cc80000,0x000000077cc80000,0x000000077df80000)
 ParOldGen       total 136192K, used 29361K [0x00000006c3200000, 0x00000006cb700000, 0x000000076bb80000)
  object space 136192K, 21% used [0x00000006c3200000,0x00000006c4eac778,0x00000006cb700000)
 Metaspace       used 23247K, capacity 23794K, committed 24064K, reserved 1071104K
  class space    used 2630K, capacity 2782K, committed 2816K, reserved 1048576K
Event: 14.435 GC heap after
Heap after GC invocations=9 (full 1):
 PSYoungGen      total 214016K, used 19425K [0x000000076bb80000, 0x000000077df80000, 0x00000007c0000000)
  eden space 194560K, 0% used [0x000000076bb80000,0x000000076bb80000,0x0000000777980000)
  from space 19456K, 99% used [0x000000077cc80000,0x000000077df785d8,0x000000077df80000)
  to   space 29696K, 0% used [0x000000077a580000,0x000000077a580000,0x000000077c280000)
 ParOldGen       total 136192K, used 47753K [0x00000006c3200000, 0x00000006cb700000, 0x000000076bb80000)
  object space 136192K, 35% used [0x00000006c3200000,0x00000006c60a25a0,0x00000006cb700000)
 Metaspace       used 23247K, capacity 23794K, committed 24064K, reserved 1071104K
  class space    used 2630K, capacity 2782K, committed 2816K, reserved 1048576K
}
Event: 16.435 GC heap before
{Heap before GC invocations=10 (full 1):
 PSYoungGen      total 214016K, used 213985K [0x000000076bb80000, 0x000000077df80000, 0x00000007c0000000)
  eden space 194560K, 100% used [0x000000076bb80000,0x0000000777980000,0x0000000777980000)
  from space 19456K, 99% used [0x000000077cc80000,0x000000077df785d8,0x000000077df80000)
  to   space 29696K, 0% used [0x000000077a580000,0x000000077a580000,0x000000077c280000)
 ParOldGen       total 136192K, used 47753K [0x00000006c3200000, 0x00000006cb700000, 0x000000076bb80000)
  object space 136192K, 35% used [0x00000006c3200000,0x00000006c60a25a0,0x00000006cb700000)
 Metaspace       used 25070K, capacity 25674K, committed 25856K, reserved 1073152K
  class space    used 2803K, capacity 2956K, committed 3072K, reserved 1048576K
Event: 16.497 GC heap after
Heap after GC invocations=10 (full 1):
 PSYoungGen      total 269312K, used 29672K [0x000000076bb80000, 0x000000077fd80000, 0x00000007c0000000)
  eden space 239616K, 0% used [0x000000076bb80000,0x000000076bb80000,0x000000077a580000)
  from space 29696K, 99% used [0x000000077a580000,0x000000077c27a360,0x000000077c280000)
  to   space 35328K, 0% used [0x000000077db00000,0x000000077db00000,0x000000077fd80000)
 ParOldGen       total 136192K, used 52597K [0x00000006c3200000, 0x00000006cb700000, 0x000000076bb80000)
  object space 136192K, 38% used [0x00000006c3200000,0x00000006c655d598,0x00000006cb700000)
 Metaspace       used 25070K, capacity 25674K, committed 25856K, reserved 1073152K
  class space    used 2803K, capacity 2956K, committed 3072K, reserved 1048576K
}

